#
# A fatal error has been detected by the Java Runtime Environment:
#
#  EXCEPTION_ACCESS_VIOLATION (0xc0000005) at pc=0x00007ffc969cbf00, pid=7272, tid=996
#
# JRE version: OpenJDK Runtime Environment (17.0+35) (build 17+35-2724)
# Java VM: OpenJDK 64-Bit Server VM (17+35-2724, mixed mode, tiered, compressed oops, compressed class ptrs, g1 gc, windows-amd64)
# Problematic frame:
# V  [jvm.dll+0xbf00]
#
# No core dump will be written. Minidumps are not enabled by default on client versions of Windows
#
# If you would like to submit a bug report, please visit:
#   https://bugreport.java.com/bugreport/crash.jsp
#

---------------  S U M M A R Y ------------

Command Line: -Djpackage.app-version=17.0.0 --add-opens=javafx.fxml/javafx.fxml=ALL-UNNAMED -Djava.library.path=runtime\bin;runtime\lib -Djpackage.app-path=C:\Users\Felipe\AppData\Local\SceneBuilder\SceneBuilder.exe -Xmx256M com.oracle.javafx.scenebuilder.app.SceneBuilderApp C:\Users\Felipe\Desktop\sistemaCondominio-POO\sistema_condominio_poo\src\main\resources\JavaFX\Pessoas\adicionarVisitante.FXML

Host: Intel(R) Core(TM) i3-6006U CPU @ 2.00GHz, 4 cores, 3G,  Windows 10 , 64 bit Build 19041 (10.0.19041.1348)
Time: Thu Jan  6 19:11:08 2022 Hora oficial do Brasil elapsed time: 1049.747241 seconds (0d 0h 17m 29s)

---------------  T H R E A D  ---------------

Current thread (0x0000023a02acdc60):  JavaThread "JavaFX Application Thread" [_thread_in_vm, id=996, stack(0x0000009962b00000,0x0000009962c00000)]

Stack: [0x0000009962b00000,0x0000009962c00000],  sp=0x0000009962bfe958,  free space=1018k
Native frames: (J=compiled Java code, j=interpreted, Vv=VM code, C=native code)
V  [jvm.dll+0xbf00]

Java frames: (J=compiled Java code, j=interpreted, Vv=VM code)
j  com.sun.glass.ui.win.WinApplication._runLoop(Ljava/lang/Runnable;)V+0 javafx.graphics
j  com.sun.glass.ui.win.WinApplication.lambda$runLoop$3(ILjava/lang/Runnable;)V+8 javafx.graphics
j  com.sun.glass.ui.win.WinApplication$$Lambda$49+0x00000001000a1800.run()V+12 javafx.graphics
j  java.lang.Thread.run()V+11 java.base@17
v  ~StubRoutines::call_stub

siginfo: EXCEPTION_ACCESS_VIOLATION (0xc0000005), reading address 0x0000000000000000


Register to memory mapping:

RIP=0x00007ffc969cbf00 jvm.dll
RAX=0x0000009962bfe9d0 is pointing into the stack for thread: 0x0000023a02acdc60
RBX=0x0000023a02acdc60 is a thread
RCX=0x0 is NULL
RDX=0x0000023a03bfb2c8 points into unknown readable memory: 0x0000023a0bc747f8 | f8 47 c7 0b 3a 02 00 00
RSP=0x0000009962bfe958 is pointing into the stack for thread: 0x0000023a02acdc60
RBP=0x0000009962bfea68 is pointing into the stack for thread: 0x0000023a02acdc60
RSI=0x0000023a09c4e618 points into unknown readable memory: 0x0000023a0bc747f8 | f8 47 c7 0b 3a 02 00 00
RDI=0x0 is NULL
R8 =0x0000000000000004 is an unknown value
R9 =0x0000000000000004 is an unknown value
R10=0x0000023a03814bb0 points into unknown readable memory: 0x0000004000000003 | 03 00 00 00 40 00 00 00
R11={method} {0x0000023a0bc74800} 'getInstance' '()Lcom/sun/glass/ui/win/WinDnDClipboard;' in 'com/sun/glass/ui/win/WinDnDClipboard'
R12=0x00007ffc972c4608 jvm.dll
R13=0x0000023a02acdf08 points into unknown readable memory: 0x00007ffc97443630 | 30 36 44 97 fc 7f 00 00
R14=0x0000023a02acdf08 points into unknown readable memory: 0x00007ffc97443630 | 30 36 44 97 fc 7f 00 00
R15=0x0 is NULL


Registers:
RAX=0x0000009962bfe9d0, RBX=0x0000023a02acdc60, RCX=0x0000000000000000, RDX=0x0000023a03bfb2c8
RSP=0x0000009962bfe958, RBP=0x0000009962bfea68, RSI=0x0000023a09c4e618, RDI=0x0000000000000000
R8 =0x0000000000000004, R9 =0x0000000000000004, R10=0x0000023a03814bb0, R11=0x0000023a0bc747f8
R12=0x00007ffc972c4608, R13=0x0000023a02acdf08, R14=0x0000023a02acdf08, R15=0x0000000000000000
RIP=0x00007ffc969cbf00, EFLAGS=0x0000000000010246

Top of Stack: (sp=0x0000009962bfe958)
0x0000009962bfe958:   00007ffc96d9c426 0000023a0bc747f8
0x0000009962bfe968:   0000023a02acdc60 0000023a09c4e618
0x0000009962bfe978:   00007ffd04a3f540 0000009962bfe9e0
0x0000009962bfe988:   0000000000000012 0000b393d4b7db32
0x0000009962bfe998:   00007ffc9713e857 0000023a0000000c
0x0000009962bfe9a8:   0000023a02acdc60 0000023a02acdc60
0x0000009962bfe9b8:   0000000000000000 0000000000000000
0x0000009962bfe9c8:   0000000000000024 00007ffc972c4608
0x0000009962bfe9d8:   0000023a09e18900 000000000000000c
0x0000009962bfe9e8:   0000000000000019 0000000000000000
0x0000009962bfe9f8:   0000009962bfea68 0000023a03671e64
0x0000009962bfea08:   0000000000000000 0000000000000000
0x0000009962bfea18:   00007ffcda8826bc 0000023a02acdf08
0x0000009962bfea28:   0000009962bfebb0 0000000000000000
0x0000009962bfea38:   00000000ffffffec 0000000000000000
0x0000009962bfea48:   00007ffcda8952b6 0000023a02acdf08 

Instructions: (pc=0x00007ffc969cbf00)
0x00007ffc969cbe00:   1c d2 a6 00 48 83 c4 20 5b 48 ff e0 48 8d 05 ed
0x00007ffc969cbe10:   00 00 00 48 8b cb 48 89 05 03 d2 a6 00 48 83 c4
0x00007ffc969cbe20:   20 5b 48 ff e0 48 8d 05 d4 00 00 00 48 8b cb 48
0x00007ffc969cbe30:   89 05 ea d1 a6 00 48 83 c4 20 5b 48 ff e0 48 8b
0x00007ffc969cbe40:   0d 4b c3 ac 00 8b 51 10 83 ea 01 0f 84 91 00 00
0x00007ffc969cbe50:   00 83 ea 01 74 73 83 ea 01 74 55 83 fa 01 74 37
0x00007ffc969cbe60:   4c 8d 0d d1 1c 82 00 41 b8 e9 00 00 00 48 8d 15
0x00007ffc969cbe70:   fc 1c 82 00 b9 00 00 00 e0 e8 f2 69 23 00 e8 dd
0x00007ffc969cbe80:   35 66 00 33 c0 48 8b cb 48 89 05 91 d1 a6 00 48
0x00007ffc969cbe90:   83 c4 20 5b 48 ff e0 48 8d 05 72 00 00 00 48 8b
0x00007ffc969cbea0:   cb 48 89 05 78 d1 a6 00 48 83 c4 20 5b 48 ff e0
0x00007ffc969cbeb0:   48 8d 05 49 00 00 00 48 8b cb 48 89 05 5f d1 a6
0x00007ffc969cbec0:   00 48 83 c4 20 5b 48 ff e0 48 8d 05 30 00 00 00
0x00007ffc969cbed0:   48 8b cb 48 89 05 46 d1 a6 00 48 83 c4 20 5b 48
0x00007ffc969cbee0:   ff e0 48 8d 05 17 00 00 00 48 8b cb 48 89 05 2d
0x00007ffc969cbef0:   d1 a6 00 48 83 c4 20 5b 48 ff e0 cc cc cc cc cc
0x00007ffc969cbf00:   48 8b 01 c3 cc cc cc cc cc cc cc cc cc cc cc cc
0x00007ffc969cbf10:   48 89 5c 24 08 57 48 83 ec 20 48 8b 39 48 8b d9
0x00007ffc969cbf20:   48 85 3d 51 9f b1 00 75 0e 48 8b c7 48 8b 5c 24
0x00007ffc969cbf30:   30 48 83 c4 20 5f c3 48 8b cf e8 41 38 7f 00 48
0x00007ffc969cbf40:   8b d0 48 85 c0 74 20 48 8b c7 f0 48 0f b1 13 74
0x00007ffc969cbf50:   16 48 85 05 20 9f b1 00 74 0d 48 8b c8 f0 48 0f
0x00007ffc969cbf60:   b1 13 48 3b c1 75 ea 48 8b 5c 24 30 48 8b c2 48
0x00007ffc969cbf70:   83 c4 20 5f c3 cc cc cc cc cc cc cc cc cc cc cc
0x00007ffc969cbf80:   8b 44 24 30 45 03 c9 44 2b 4c 24 28 83 c0 0b 44
0x00007ffc969cbf90:   03 ca 45 03 c8 41 03 c1 c3 cc cc cc cc cc cc cc
0x00007ffc969cbfa0:   48 8b 41 08 0f b7 48 2a 0f b7 40 28 83 c0 48 03
0x00007ffc969cbfb0:   c1 c3 cc cc cc cc cc cc cc cc cc cc cc cc cc cc
0x00007ffc969cbfc0:   48 89 5c 24 08 57 48 83 ec 20 0f b6 05 9f a6 b1
0x00007ffc969cbfd0:   00 48 8b fa 48 8b d9 84 c0 74 4f 48 85 15 96 9e
0x00007ffc969cbfe0:   b1 00 74 38 48 8b ca e8 a4 3a 7f 00 48 8b d0 48
0x00007ffc969cbff0:   85 db 74 25 48 85 c0 74 20 48 8b c7 f0 48 0f b1 


Stack slot to memory mapping:
stack at sp + 0 slots: 0x00007ffc96d9c426 jvm.dll
stack at sp + 1 slots: {method} {0x0000023a0bc74800} 'getInstance' '()Lcom/sun/glass/ui/win/WinDnDClipboard;' in 'com/sun/glass/ui/win/WinDnDClipboard'
stack at sp + 2 slots: 0x0000023a02acdc60 is a thread
stack at sp + 3 slots: 0x0000023a09c4e618 points into unknown readable memory: 0x0000023a0bc747f8 | f8 47 c7 0b 3a 02 00 00
stack at sp + 4 slots: 0x00007ffd04a3f540 ucrtbase.dll
stack at sp + 5 slots: 0x0000009962bfe9e0 is pointing into the stack for thread: 0x0000023a02acdc60
stack at sp + 6 slots: 0x0000000000000012 is an unknown value
stack at sp + 7 slots: 0x0000b393d4b7db32 is an unknown value


---------------  P R O C E S S  ---------------

Threads class SMR info:
_java_thread_list=0x0000023a0dfcf170, length=19, elements={
0x0000023a6e7cd3c0, 0x0000023a02a893b0, 0x0000023a02a8a220, 0x0000023a02a98760,
0x0000023a02a9a320, 0x0000023a02a9bc10, 0x0000023a02acf940, 0x0000023a02af18a0,
0x0000023a6e87b880, 0x0000023a6e87e930, 0x0000023a02ad02e0, 0x0000023a02acc920,
0x0000023a02ace600, 0x0000023a02acdc60, 0x0000023a02acfe10, 0x0000023a02acefa0,
0x0000023a042a6890, 0x0000023a042ad270, 0x0000023a042a5ef0
}

Java Threads: ( => current thread )
  0x0000023a6e7cd3c0 JavaThread "main" [_thread_blocked, id=17672, stack(0x0000009961600000,0x0000009961700000)]
  0x0000023a02a893b0 JavaThread "Reference Handler" daemon [_thread_blocked, id=21152, stack(0x0000009961d00000,0x0000009961e00000)]
  0x0000023a02a8a220 JavaThread "Finalizer" daemon [_thread_blocked, id=11716, stack(0x0000009961e00000,0x0000009961f00000)]
  0x0000023a02a98760 JavaThread "Signal Dispatcher" daemon [_thread_blocked, id=12184, stack(0x0000009961f00000,0x0000009962000000)]
  0x0000023a02a9a320 JavaThread "Attach Listener" daemon [_thread_blocked, id=16004, stack(0x0000009962000000,0x0000009962100000)]
  0x0000023a02a9bc10 JavaThread "Service Thread" daemon [_thread_blocked, id=13812, stack(0x0000009962100000,0x0000009962200000)]
  0x0000023a02acf940 JavaThread "Monitor Deflation Thread" daemon [_thread_blocked, id=3324, stack(0x0000009962200000,0x0000009962300000)]
  0x0000023a02af18a0 JavaThread "C2 CompilerThread0" daemon [_thread_blocked, id=14772, stack(0x0000009962300000,0x0000009962400000)]
  0x0000023a6e87b880 JavaThread "C1 CompilerThread0" daemon [_thread_blocked, id=3852, stack(0x0000009962400000,0x0000009962500000)]
  0x0000023a6e87e930 JavaThread "Sweeper thread" daemon [_thread_blocked, id=13828, stack(0x0000009962500000,0x0000009962600000)]
  0x0000023a02ad02e0 JavaThread "Common-Cleaner" daemon [_thread_blocked, id=13796, stack(0x0000009962600000,0x0000009962700000)]
  0x0000023a02acc920 JavaThread "Notification Thread" daemon [_thread_blocked, id=10804, stack(0x0000009962700000,0x0000009962800000)]
  0x0000023a02ace600 JavaThread "QuantumRenderer-0" daemon [_thread_blocked, id=18408, stack(0x0000009962900000,0x0000009962a00000)]
=>0x0000023a02acdc60 JavaThread "JavaFX Application Thread" [_thread_in_vm, id=996, stack(0x0000009962b00000,0x0000009962c00000)]
  0x0000023a02acfe10 JavaThread "Thread-1" daemon [_thread_in_native, id=7160, stack(0x0000009962f00000,0x0000009963000000)]
  0x0000023a02acefa0 JavaThread "JavaFX-Launcher" [_thread_blocked, id=9728, stack(0x0000009963000000,0x0000009963100000)]
  0x0000023a042a6890 JavaThread "FileSystemWatchService" daemon [_thread_in_native, id=20992, stack(0x0000009963900000,0x0000009963a00000)]
  0x0000023a042ad270 JavaThread "Prism Font Disposer" daemon [_thread_blocked, id=16176, stack(0x0000009964000000,0x0000009964100000)]
  0x0000023a042a5ef0 JavaThread "Cleaner-0" daemon [_thread_blocked, id=11256, stack(0x0000009964100000,0x0000009964200000)]

Other Threads:
  0x0000023a6e8795b0 VMThread "VM Thread" [stack: 0x0000009961c00000,0x0000009961d00000] [id=3124]
  0x0000023a0365fdf0 WatcherThread [stack: 0x0000009962800000,0x0000009962900000] [id=17252]
  0x0000023a6e7ead30 GCTaskThread "GC Thread#0" [stack: 0x0000009961700000,0x0000009961800000] [id=21232]
  0x0000023a03ca2900 GCTaskThread "GC Thread#1" [stack: 0x0000009963400000,0x0000009963500000] [id=18220]
  0x0000023a03cb0580 GCTaskThread "GC Thread#2" [stack: 0x0000009963500000,0x0000009963600000] [id=13616]
  0x0000023a03caa6b0 GCTaskThread "GC Thread#3" [stack: 0x0000009963600000,0x0000009963700000] [id=18536]
  0x0000023a6e7ee4e0 ConcurrentGCThread "G1 Main Marker" [stack: 0x0000009961800000,0x0000009961900000] [id=15072]
  0x0000023a6e7f00b0 ConcurrentGCThread "G1 Conc#0" [stack: 0x0000009961900000,0x0000009961a00000] [id=2060]
  0x0000023a6e83e8c0 ConcurrentGCThread "G1 Refine#0" [stack: 0x0000009961a00000,0x0000009961b00000] [id=21312]
  0x0000023a0997cf90 ConcurrentGCThread "G1 Refine#1" [stack: 0x0000009963100000,0x0000009963200000] [id=3984]
  0x0000023a0997d270 ConcurrentGCThread "G1 Refine#2" [stack: 0x0000009963a00000,0x0000009963b00000] [id=8432]
  0x0000023a096279c0 ConcurrentGCThread "G1 Refine#3" [stack: 0x0000009963b00000,0x0000009963c00000] [id=12648]
  0x0000023a6e83f2e0 ConcurrentGCThread "G1 Service" [stack: 0x0000009961b00000,0x0000009961c00000] [id=17680]

Threads with active compile tasks:

VM state: not at safepoint (normal execution)

VM Mutex/Monitor currently owned by a thread: None

OutOfMemory and StackOverflow Exception counts:
OutOfMemoryError java_heap_errors=33
LinkageErrors=47

Heap address: 0x00000000f0000000, size: 256 MB, Compressed Oops mode: 32-bit

CDS archive(s) not mapped
Compressed class space mapped at: 0x0000000100000000-0x0000000140000000, reserved size: 1073741824
Narrow klass base: 0x0000000000000000, Narrow klass shift: 3, Narrow klass range: 0x140000000

GC Precious Log:
 CPUs: 4 total, 4 available
 Memory: 3970M
 Large Page Support: Disabled
 NUMA Support: Disabled
 Compressed Oops: Enabled (32-bit)
 Heap Region Size: 1M
 Heap Min Capacity: 8M
 Heap Initial Capacity: 64M
 Heap Max Capacity: 256M
 Pre-touch: Disabled
 Parallel Workers: 4
 Concurrent Workers: 1
 Concurrent Refinement Workers: 4
 Periodic GC: Disabled

Heap:
 garbage-first heap   total 262144K, used 261242K [0x00000000f0000000, 0x0000000100000000)
  region size 1024K, 0 young (0K), 0 survivors (0K)
 Metaspace       used 41441K, committed 41792K, reserved 1089536K
  class space    used 5190K, committed 5376K, reserved 1048576K

Heap Regions: E=young(eden), S=young(survivor), O=old, HS=humongous(starts), HC=humongous(continues), CS=collection set, F=free, OA=open archive, CA=closed archive, TAMS=top-at-mark-start (previous, next)
|   0|0x00000000f0000000, 0x00000000f0100000, 0x00000000f0100000|100%|HS|  |TAMS 0x00000000f0100000, 0x00000000f0000000| Untracked 
|   1|0x00000000f0100000, 0x00000000f0200000, 0x00000000f0200000|100%| O|  |TAMS 0x00000000f0100000, 0x00000000f0100000| Untracked 
|   2|0x00000000f0200000, 0x00000000f02fffd0, 0x00000000f0300000| 99%| O|  |TAMS 0x00000000f0200000, 0x00000000f0200000| Untracked 
|   3|0x00000000f0300000, 0x00000000f03fffe8, 0x00000000f0400000| 99%| O|  |TAMS 0x00000000f0300000, 0x00000000f0300000| Untracked 
|   4|0x00000000f0400000, 0x00000000f04fffe8, 0x00000000f0500000| 99%| O|  |TAMS 0x00000000f0400000, 0x00000000f0400000| Untracked 
|   5|0x00000000f0500000, 0x00000000f05fff98, 0x00000000f0600000| 99%| O|  |TAMS 0x00000000f0500000, 0x00000000f0500000| Untracked 
|   6|0x00000000f0600000, 0x00000000f06ffff8, 0x00000000f0700000| 99%| O|  |TAMS 0x00000000f0600000, 0x00000000f0600000| Untracked 
|   7|0x00000000f0700000, 0x00000000f0800000, 0x00000000f0800000|100%| O|  |TAMS 0x00000000f0700000, 0x00000000f0700000| Untracked 
|   8|0x00000000f0800000, 0x00000000f0900000, 0x00000000f0900000|100%| O|  |TAMS 0x00000000f0800000, 0x00000000f0800000| Untracked 
|   9|0x00000000f0900000, 0x00000000f09fff90, 0x00000000f0a00000| 99%| O|  |TAMS 0x00000000f0900000, 0x00000000f0900000| Untracked 
|  10|0x00000000f0a00000, 0x00000000f0affff8, 0x00000000f0b00000| 99%| O|  |TAMS 0x00000000f0a00000, 0x00000000f0a00000| Untracked 
|  11|0x00000000f0b00000, 0x00000000f0c00000, 0x00000000f0c00000|100%| O|  |TAMS 0x00000000f0b00000, 0x00000000f0b00000| Untracked 
|  12|0x00000000f0c00000, 0x00000000f0cffff8, 0x00000000f0d00000| 99%| O|  |TAMS 0x00000000f0c00000, 0x00000000f0c00000| Untracked 
|  13|0x00000000f0d00000, 0x00000000f0e00000, 0x00000000f0e00000|100%| O|  |TAMS 0x00000000f0d00000, 0x00000000f0d00000| Untracked 
|  14|0x00000000f0e00000, 0x00000000f0effff8, 0x00000000f0f00000| 99%| O|  |TAMS 0x00000000f0e00000, 0x00000000f0e00000| Untracked 
|  15|0x00000000f0f00000, 0x00000000f1000000, 0x00000000f1000000|100%| O|  |TAMS 0x00000000f0f00000, 0x00000000f0f00000| Untracked 
|  16|0x00000000f1000000, 0x00000000f10ffff8, 0x00000000f1100000| 99%| O|  |TAMS 0x00000000f1000000, 0x00000000f1000000| Untracked 
|  17|0x00000000f1100000, 0x00000000f11ffff0, 0x00000000f1200000| 99%| O|  |TAMS 0x00000000f1100000, 0x00000000f1100000| Untracked 
|  18|0x00000000f1200000, 0x00000000f12ffff0, 0x00000000f1300000| 99%| O|  |TAMS 0x00000000f1200000, 0x00000000f1200000| Untracked 
|  19|0x00000000f1300000, 0x00000000f13ffff0, 0x00000000f1400000| 99%| O|  |TAMS 0x00000000f1300000, 0x00000000f1300000| Untracked 
|  20|0x00000000f1400000, 0x00000000f14fff30, 0x00000000f1500000| 99%| O|  |TAMS 0x00000000f1400000, 0x00000000f1400000| Untracked 
|  21|0x00000000f1500000, 0x00000000f15ffff0, 0x00000000f1600000| 99%| O|  |TAMS 0x00000000f1500000, 0x00000000f1500000| Untracked 
|  22|0x00000000f1600000, 0x00000000f1700000, 0x00000000f1700000|100%|HS|  |TAMS 0x00000000f1700000, 0x00000000f1600000| Untracked 
|  23|0x00000000f1700000, 0x00000000f1800000, 0x00000000f1800000|100%|HC|  |TAMS 0x00000000f1800000, 0x00000000f1700000| Untracked 
|  24|0x00000000f1800000, 0x00000000f18ffff8, 0x00000000f1900000| 99%| O|  |TAMS 0x00000000f1800000, 0x00000000f1800000| Untracked 
|  25|0x00000000f1900000, 0x00000000f19ffff8, 0x00000000f1a00000| 99%| O|  |TAMS 0x00000000f1900000, 0x00000000f1900000| Untracked 
|  26|0x00000000f1a00000, 0x00000000f1b00000, 0x00000000f1b00000|100%| O|  |TAMS 0x00000000f1a00000, 0x00000000f1a00000| Untracked 
|  27|0x00000000f1b00000, 0x00000000f1bffff0, 0x00000000f1c00000| 99%| O|  |TAMS 0x00000000f1b00000, 0x00000000f1b00000| Untracked 
|  28|0x00000000f1c00000, 0x00000000f1cfffe8, 0x00000000f1d00000| 99%| O|  |TAMS 0x00000000f1c00000, 0x00000000f1c00000| Untracked 
|  29|0x00000000f1d00000, 0x00000000f1e00000, 0x00000000f1e00000|100%| O|  |TAMS 0x00000000f1d00000, 0x00000000f1d00000| Untracked 
|  30|0x00000000f1e00000, 0x00000000f1effff8, 0x00000000f1f00000| 99%| O|  |TAMS 0x00000000f1e00000, 0x00000000f1e00000| Untracked 
|  31|0x00000000f1f00000, 0x00000000f1ffffe0, 0x00000000f2000000| 99%| O|  |TAMS 0x00000000f1f00000, 0x00000000f1f00000| Untracked 
|  32|0x00000000f2000000, 0x00000000f2100000, 0x00000000f2100000|100%| O|  |TAMS 0x00000000f2000000, 0x00000000f2000000| Untracked 
|  33|0x00000000f2100000, 0x00000000f2200000, 0x00000000f2200000|100%| O|  |TAMS 0x00000000f2100000, 0x00000000f2100000| Untracked 
|  34|0x00000000f2200000, 0x00000000f2300000, 0x00000000f2300000|100%| O|  |TAMS 0x00000000f2200000, 0x00000000f2200000| Untracked 
|  35|0x00000000f2300000, 0x00000000f23ffff8, 0x00000000f2400000| 99%| O|  |TAMS 0x00000000f2300000, 0x00000000f2300000| Untracked 
|  36|0x00000000f2400000, 0x00000000f2500000, 0x00000000f2500000|100%| O|  |TAMS 0x00000000f2400000, 0x00000000f2400000| Untracked 
|  37|0x00000000f2500000, 0x00000000f25fffe8, 0x00000000f2600000| 99%| O|  |TAMS 0x00000000f2500000, 0x00000000f2500000| Untracked 
|  38|0x00000000f2600000, 0x00000000f2700000, 0x00000000f2700000|100%| O|  |TAMS 0x00000000f2600000, 0x00000000f2600000| Untracked 
|  39|0x00000000f2700000, 0x00000000f27ffff8, 0x00000000f2800000| 99%| O|  |TAMS 0x00000000f2700000, 0x00000000f2700000| Untracked 
|  40|0x00000000f2800000, 0x00000000f28ffff0, 0x00000000f2900000| 99%| O|  |TAMS 0x00000000f2800000, 0x00000000f2800000| Untracked 
|  41|0x00000000f2900000, 0x00000000f2a00000, 0x00000000f2a00000|100%| O|  |TAMS 0x00000000f2900000, 0x00000000f2900000| Untracked 
|  42|0x00000000f2a00000, 0x00000000f2b00000, 0x00000000f2b00000|100%| O|  |TAMS 0x00000000f2a00000, 0x00000000f2a00000| Untracked 
|  43|0x00000000f2b00000, 0x00000000f2bffff8, 0x00000000f2c00000| 99%| O|  |TAMS 0x00000000f2b00000, 0x00000000f2b00000| Untracked 
|  44|0x00000000f2c00000, 0x00000000f2d00000, 0x00000000f2d00000|100%| O|  |TAMS 0x00000000f2c00000, 0x00000000f2c00000| Untracked 
|  45|0x00000000f2d00000, 0x00000000f2dfffb8, 0x00000000f2e00000| 99%| O|  |TAMS 0x00000000f2d00000, 0x00000000f2d00000| Untracked 
|  46|0x00000000f2e00000, 0x00000000f2effff0, 0x00000000f2f00000| 99%| O|  |TAMS 0x00000000f2e00000, 0x00000000f2e00000| Untracked 
|  47|0x00000000f2f00000, 0x00000000f3000000, 0x00000000f3000000|100%| O|  |TAMS 0x00000000f2f00000, 0x00000000f2f00000| Untracked 
|  48|0x00000000f3000000, 0x00000000f30ffff0, 0x00000000f3100000| 99%| O|  |TAMS 0x00000000f3000000, 0x00000000f3000000| Untracked 
|  49|0x00000000f3100000, 0x00000000f31ffff8, 0x00000000f3200000| 99%| O|  |TAMS 0x00000000f3100000, 0x00000000f3100000| Untracked 
|  50|0x00000000f3200000, 0x00000000f32ffff8, 0x00000000f3300000| 99%| O|  |TAMS 0x00000000f3200000, 0x00000000f3200000| Untracked 
|  51|0x00000000f3300000, 0x00000000f33ffff8, 0x00000000f3400000| 99%| O|  |TAMS 0x00000000f3300000, 0x00000000f3300000| Untracked 
|  52|0x00000000f3400000, 0x00000000f34ffff8, 0x00000000f3500000| 99%| O|  |TAMS 0x00000000f3400000, 0x00000000f3400000| Untracked 
|  53|0x00000000f3500000, 0x00000000f3600000, 0x00000000f3600000|100%| O|  |TAMS 0x00000000f3500000, 0x00000000f3500000| Untracked 
|  54|0x00000000f3600000, 0x00000000f36ffff0, 0x00000000f3700000| 99%| O|  |TAMS 0x00000000f3600000, 0x00000000f3600000| Untracked 
|  55|0x00000000f3700000, 0x00000000f37fffe8, 0x00000000f3800000| 99%| O|  |TAMS 0x00000000f3700000, 0x00000000f3700000| Untracked 
|  56|0x00000000f3800000, 0x00000000f3900000, 0x00000000f3900000|100%| O|  |TAMS 0x00000000f3800000, 0x00000000f3800000| Untracked 
|  57|0x00000000f3900000, 0x00000000f3a00000, 0x00000000f3a00000|100%| O|  |TAMS 0x00000000f3900000, 0x00000000f3900000| Untracked 
|  58|0x00000000f3a00000, 0x00000000f3afffe8, 0x00000000f3b00000| 99%| O|  |TAMS 0x00000000f3a00000, 0x00000000f3a00000| Untracked 
|  59|0x00000000f3b00000, 0x00000000f3bfffe8, 0x00000000f3c00000| 99%| O|  |TAMS 0x00000000f3b00000, 0x00000000f3b00000| Untracked 
|  60|0x00000000f3c00000, 0x00000000f3cffff8, 0x00000000f3d00000| 99%| O|  |TAMS 0x00000000f3c00000, 0x00000000f3c00000| Untracked 
|  61|0x00000000f3d00000, 0x00000000f3dffff8, 0x00000000f3e00000| 99%| O|  |TAMS 0x00000000f3d00000, 0x00000000f3d00000| Untracked 
|  62|0x00000000f3e00000, 0x00000000f3f00000, 0x00000000f3f00000|100%| O|  |TAMS 0x00000000f3e00000, 0x00000000f3e00000| Untracked 
|  63|0x00000000f3f00000, 0x00000000f4000000, 0x00000000f4000000|100%| O|  |TAMS 0x00000000f3f00000, 0x00000000f3f00000| Untracked 
|  64|0x00000000f4000000, 0x00000000f4100000, 0x00000000f4100000|100%| O|  |TAMS 0x00000000f4000000, 0x00000000f4000000| Untracked 
|  65|0x00000000f4100000, 0x00000000f41ffff8, 0x00000000f4200000| 99%| O|  |TAMS 0x00000000f4100000, 0x00000000f4100000| Untracked 
|  66|0x00000000f4200000, 0x00000000f4300000, 0x00000000f4300000|100%| O|  |TAMS 0x00000000f4200000, 0x00000000f4200000| Untracked 
|  67|0x00000000f4300000, 0x00000000f43ffff8, 0x00000000f4400000| 99%| O|  |TAMS 0x00000000f4300000, 0x00000000f4300000| Untracked 
|  68|0x00000000f4400000, 0x00000000f44ffff8, 0x00000000f4500000| 99%| O|  |TAMS 0x00000000f4400000, 0x00000000f4400000| Untracked 
|  69|0x00000000f4500000, 0x00000000f45ffff8, 0x00000000f4600000| 99%| O|  |TAMS 0x00000000f4500000, 0x00000000f4500000| Untracked 
|  70|0x00000000f4600000, 0x00000000f46ffff8, 0x00000000f4700000| 99%| O|  |TAMS 0x00000000f4600000, 0x00000000f4600000| Untracked 
|  71|0x00000000f4700000, 0x00000000f4800000, 0x00000000f4800000|100%| O|  |TAMS 0x00000000f4700000, 0x00000000f4700000| Untracked 
|  72|0x00000000f4800000, 0x00000000f4900000, 0x00000000f4900000|100%| O|  |TAMS 0x00000000f4800000, 0x00000000f4800000| Untracked 
|  73|0x00000000f4900000, 0x00000000f49ffff8, 0x00000000f4a00000| 99%| O|  |TAMS 0x00000000f4900000, 0x00000000f4900000| Untracked 
|  74|0x00000000f4a00000, 0x00000000f4affff0, 0x00000000f4b00000| 99%| O|  |TAMS 0x00000000f4a00000, 0x00000000f4a00000| Untracked 
|  75|0x00000000f4b00000, 0x00000000f4c00000, 0x00000000f4c00000|100%| O|  |TAMS 0x00000000f4b00000, 0x00000000f4b00000| Untracked 
|  76|0x00000000f4c00000, 0x00000000f4cffff8, 0x00000000f4d00000| 99%| O|  |TAMS 0x00000000f4c00000, 0x00000000f4c00000| Untracked 
|  77|0x00000000f4d00000, 0x00000000f4dffff8, 0x00000000f4e00000| 99%| O|  |TAMS 0x00000000f4d00000, 0x00000000f4d00000| Untracked 
|  78|0x00000000f4e00000, 0x00000000f4f00000, 0x00000000f4f00000|100%| O|  |TAMS 0x00000000f4e00000, 0x00000000f4e00000| Untracked 
|  79|0x00000000f4f00000, 0x00000000f5000000, 0x00000000f5000000|100%| O|  |TAMS 0x00000000f4f00000, 0x00000000f4f00000| Untracked 
|  80|0x00000000f5000000, 0x00000000f5100000, 0x00000000f5100000|100%| O|  |TAMS 0x00000000f5000000, 0x00000000f5000000| Untracked 
|  81|0x00000000f5100000, 0x00000000f5200000, 0x00000000f5200000|100%| O|  |TAMS 0x00000000f5100000, 0x00000000f5100000| Untracked 
|  82|0x00000000f5200000, 0x00000000f5300000, 0x00000000f5300000|100%| O|  |TAMS 0x00000000f5200000, 0x00000000f5200000| Untracked 
|  83|0x00000000f5300000, 0x00000000f53ffff0, 0x00000000f5400000| 99%| O|  |TAMS 0x00000000f5300000, 0x00000000f5300000| Untracked 
|  84|0x00000000f5400000, 0x00000000f5500000, 0x00000000f5500000|100%| O|  |TAMS 0x00000000f5400000, 0x00000000f5400000| Untracked 
|  85|0x00000000f5500000, 0x00000000f55ffff8, 0x00000000f5600000| 99%| O|  |TAMS 0x00000000f5500000, 0x00000000f5500000| Untracked 
|  86|0x00000000f5600000, 0x00000000f56fffd0, 0x00000000f5700000| 99%| O|  |TAMS 0x00000000f5600000, 0x00000000f5600000| Untracked 
|  87|0x00000000f5700000, 0x00000000f5800000, 0x00000000f5800000|100%| O|  |TAMS 0x00000000f5700000, 0x00000000f5700000| Untracked 
|  88|0x00000000f5800000, 0x00000000f58fff90, 0x00000000f5900000| 99%| O|  |TAMS 0x00000000f5800000, 0x00000000f5800000| Untracked 
|  89|0x00000000f5900000, 0x00000000f59fffe8, 0x00000000f5a00000| 99%| O|  |TAMS 0x00000000f5900000, 0x00000000f5900000| Untracked 
|  90|0x00000000f5a00000, 0x00000000f5b00000, 0x00000000f5b00000|100%| O|  |TAMS 0x00000000f5a00000, 0x00000000f5a00000| Untracked 
|  91|0x00000000f5b00000, 0x00000000f5bfffd8, 0x00000000f5c00000| 99%| O|  |TAMS 0x00000000f5b00000, 0x00000000f5b00000| Untracked 
|  92|0x00000000f5c00000, 0x00000000f5d00000, 0x00000000f5d00000|100%| O|  |TAMS 0x00000000f5c00000, 0x00000000f5c00000| Untracked 
|  93|0x00000000f5d00000, 0x00000000f5e00000, 0x00000000f5e00000|100%| O|  |TAMS 0x00000000f5d00000, 0x00000000f5d00000| Untracked 
|  94|0x00000000f5e00000, 0x00000000f5f00000, 0x00000000f5f00000|100%| O|  |TAMS 0x00000000f5e00000, 0x00000000f5e00000| Untracked 
|  95|0x00000000f5f00000, 0x00000000f5fffff8, 0x00000000f6000000| 99%| O|  |TAMS 0x00000000f5f00000, 0x00000000f5f00000| Untracked 
|  96|0x00000000f6000000, 0x00000000f6100000, 0x00000000f6100000|100%| O|  |TAMS 0x00000000f6000000, 0x00000000f6000000| Untracked 
|  97|0x00000000f6100000, 0x00000000f61ffff8, 0x00000000f6200000| 99%| O|  |TAMS 0x00000000f6100000, 0x00000000f6100000| Untracked 
|  98|0x00000000f6200000, 0x00000000f62ffff8, 0x00000000f6300000| 99%| O|  |TAMS 0x00000000f6200000, 0x00000000f6200000| Untracked 
|  99|0x00000000f6300000, 0x00000000f63ffff8, 0x00000000f6400000| 99%| O|  |TAMS 0x00000000f6300000, 0x00000000f6300000| Untracked 
| 100|0x00000000f6400000, 0x00000000f6500000, 0x00000000f6500000|100%| O|  |TAMS 0x00000000f6400000, 0x00000000f6400000| Untracked 
| 101|0x00000000f6500000, 0x00000000f6600000, 0x00000000f6600000|100%| O|  |TAMS 0x00000000f6500000, 0x00000000f6500000| Untracked 
| 102|0x00000000f6600000, 0x00000000f66fffe8, 0x00000000f6700000| 99%| O|  |TAMS 0x00000000f6600000, 0x00000000f6600000| Untracked 
| 103|0x00000000f6700000, 0x00000000f6800000, 0x00000000f6800000|100%| O|  |TAMS 0x00000000f6700000, 0x00000000f6700000| Untracked 
| 104|0x00000000f6800000, 0x00000000f68ffff8, 0x00000000f6900000| 99%| O|  |TAMS 0x00000000f6800000, 0x00000000f6800000| Untracked 
| 105|0x00000000f6900000, 0x00000000f6a00000, 0x00000000f6a00000|100%| O|  |TAMS 0x00000000f6900000, 0x00000000f6900000| Untracked 
| 106|0x00000000f6a00000, 0x00000000f6affff8, 0x00000000f6b00000| 99%| O|  |TAMS 0x00000000f6a00000, 0x00000000f6a00000| Untracked 
| 107|0x00000000f6b00000, 0x00000000f6bffff0, 0x00000000f6c00000| 99%| O|  |TAMS 0x00000000f6b00000, 0x00000000f6b00000| Untracked 
| 108|0x00000000f6c00000, 0x00000000f6cffff0, 0x00000000f6d00000| 99%| O|  |TAMS 0x00000000f6c00000, 0x00000000f6c00000| Untracked 
| 109|0x00000000f6d00000, 0x00000000f6e00000, 0x00000000f6e00000|100%| O|  |TAMS 0x00000000f6d00000, 0x00000000f6d00000| Untracked 
| 110|0x00000000f6e00000, 0x00000000f6efffd8, 0x00000000f6f00000| 99%| O|  |TAMS 0x00000000f6e00000, 0x00000000f6e00000| Untracked 
| 111|0x00000000f6f00000, 0x00000000f6fffff8, 0x00000000f7000000| 99%| O|  |TAMS 0x00000000f6f00000, 0x00000000f6f00000| Untracked 
| 112|0x00000000f7000000, 0x00000000f70ffff0, 0x00000000f7100000| 99%| O|  |TAMS 0x00000000f7000000, 0x00000000f7000000| Untracked 
| 113|0x00000000f7100000, 0x00000000f7200000, 0x00000000f7200000|100%| O|  |TAMS 0x00000000f7100000, 0x00000000f7100000| Untracked 
| 114|0x00000000f7200000, 0x00000000f72ffff0, 0x00000000f7300000| 99%| O|  |TAMS 0x00000000f7200000, 0x00000000f7200000| Untracked 
| 115|0x00000000f7300000, 0x00000000f73ffff0, 0x00000000f7400000| 99%| O|  |TAMS 0x00000000f7300000, 0x00000000f7300000| Untracked 
| 116|0x00000000f7400000, 0x00000000f7500000, 0x00000000f7500000|100%| O|  |TAMS 0x00000000f7400000, 0x00000000f7400000| Untracked 
| 117|0x00000000f7500000, 0x00000000f7600000, 0x00000000f7600000|100%| O|  |TAMS 0x00000000f7500000, 0x00000000f7500000| Untracked 
| 118|0x00000000f7600000, 0x00000000f76fffe8, 0x00000000f7700000| 99%| O|  |TAMS 0x00000000f7600000, 0x00000000f7600000| Untracked 
| 119|0x00000000f7700000, 0x00000000f77fffe8, 0x00000000f7800000| 99%| O|  |TAMS 0x00000000f7700000, 0x00000000f7700000| Untracked 
| 120|0x00000000f7800000, 0x00000000f78ffff0, 0x00000000f7900000| 99%| O|  |TAMS 0x00000000f7800000, 0x00000000f7800000| Untracked 
| 121|0x00000000f7900000, 0x00000000f7a00000, 0x00000000f7a00000|100%| O|  |TAMS 0x00000000f7900000, 0x00000000f7900000| Untracked 
| 122|0x00000000f7a00000, 0x00000000f7affff8, 0x00000000f7b00000| 99%| O|  |TAMS 0x00000000f7a00000, 0x00000000f7a00000| Untracked 
| 123|0x00000000f7b00000, 0x00000000f7bffff0, 0x00000000f7c00000| 99%| O|  |TAMS 0x00000000f7b00000, 0x00000000f7b00000| Untracked 
| 124|0x00000000f7c00000, 0x00000000f7cffff8, 0x00000000f7d00000| 99%| O|  |TAMS 0x00000000f7c00000, 0x00000000f7c00000| Untracked 
| 125|0x00000000f7d00000, 0x00000000f7e00000, 0x00000000f7e00000|100%| O|  |TAMS 0x00000000f7d00000, 0x00000000f7d00000| Untracked 
| 126|0x00000000f7e00000, 0x00000000f7efffe8, 0x00000000f7f00000| 99%| O|  |TAMS 0x00000000f7e00000, 0x00000000f7e00000| Untracked 
| 127|0x00000000f7f00000, 0x00000000f8000000, 0x00000000f8000000|100%| O|  |TAMS 0x00000000f7f00000, 0x00000000f7f00000| Untracked 
| 128|0x00000000f8000000, 0x00000000f80ffff0, 0x00000000f8100000| 99%| O|  |TAMS 0x00000000f8000000, 0x00000000f8000000| Untracked 
| 129|0x00000000f8100000, 0x00000000f81fffc8, 0x00000000f8200000| 99%| O|  |TAMS 0x00000000f8100000, 0x00000000f8100000| Untracked 
| 130|0x00000000f8200000, 0x00000000f82fffe8, 0x00000000f8300000| 99%| O|  |TAMS 0x00000000f8200000, 0x00000000f8200000| Untracked 
| 131|0x00000000f8300000, 0x00000000f83ffde0, 0x00000000f8400000| 99%| O|  |TAMS 0x00000000f8300000, 0x00000000f8300000| Untracked 
| 132|0x00000000f8400000, 0x00000000f84ffff8, 0x00000000f8500000| 99%| O|  |TAMS 0x00000000f8400000, 0x00000000f8400000| Untracked 
| 133|0x00000000f8500000, 0x00000000f8600000, 0x00000000f8600000|100%| O|  |TAMS 0x00000000f8500000, 0x00000000f8500000| Untracked 
| 134|0x00000000f8600000, 0x00000000f86ffff0, 0x00000000f8700000| 99%| O|  |TAMS 0x00000000f8600000, 0x00000000f8600000| Untracked 
| 135|0x00000000f8700000, 0x00000000f87ffff0, 0x00000000f8800000| 99%| O|  |TAMS 0x00000000f8700000, 0x00000000f8700000| Untracked 
| 136|0x00000000f8800000, 0x00000000f88fff60, 0x00000000f8900000| 99%| O|  |TAMS 0x00000000f8800000, 0x00000000f8800000| Untracked 
| 137|0x00000000f8900000, 0x00000000f8a00000, 0x00000000f8a00000|100%| O|  |TAMS 0x00000000f8900000, 0x00000000f8900000| Untracked 
| 138|0x00000000f8a00000, 0x00000000f8affff0, 0x00000000f8b00000| 99%| O|  |TAMS 0x00000000f8a00000, 0x00000000f8a00000| Untracked 
| 139|0x00000000f8b00000, 0x00000000f8bffff0, 0x00000000f8c00000| 99%| O|  |TAMS 0x00000000f8b00000, 0x00000000f8b00000| Untracked 
| 140|0x00000000f8c00000, 0x00000000f8d00000, 0x00000000f8d00000|100%| O|  |TAMS 0x00000000f8c00000, 0x00000000f8c00000| Untracked 
| 141|0x00000000f8d00000, 0x00000000f8dffff8, 0x00000000f8e00000| 99%| O|  |TAMS 0x00000000f8d00000, 0x00000000f8d00000| Untracked 
| 142|0x00000000f8e00000, 0x00000000f8f00000, 0x00000000f8f00000|100%| O|  |TAMS 0x00000000f8e00000, 0x00000000f8e00000| Untracked 
| 143|0x00000000f8f00000, 0x00000000f9000000, 0x00000000f9000000|100%| O|  |TAMS 0x00000000f8f00000, 0x00000000f8f00000| Untracked 
| 144|0x00000000f9000000, 0x00000000f90ffff0, 0x00000000f9100000| 99%| O|  |TAMS 0x00000000f9000000, 0x00000000f9000000| Untracked 
| 145|0x00000000f9100000, 0x00000000f91fffe8, 0x00000000f9200000| 99%| O|  |TAMS 0x00000000f9100000, 0x00000000f9100000| Untracked 
| 146|0x00000000f9200000, 0x00000000f92ffff0, 0x00000000f9300000| 99%| O|  |TAMS 0x00000000f9200000, 0x00000000f9200000| Untracked 
| 147|0x00000000f9300000, 0x00000000f9400000, 0x00000000f9400000|100%| O|  |TAMS 0x00000000f9300000, 0x00000000f9300000| Untracked 
| 148|0x00000000f9400000, 0x00000000f9500000, 0x00000000f9500000|100%| O|  |TAMS 0x00000000f9400000, 0x00000000f9400000| Untracked 
| 149|0x00000000f9500000, 0x00000000f95ffff8, 0x00000000f9600000| 99%| O|  |TAMS 0x00000000f9500000, 0x00000000f9500000| Untracked 
| 150|0x00000000f9600000, 0x00000000f9700000, 0x00000000f9700000|100%| O|  |TAMS 0x00000000f9600000, 0x00000000f9600000| Untracked 
| 151|0x00000000f9700000, 0x00000000f9800000, 0x00000000f9800000|100%| O|  |TAMS 0x00000000f9700000, 0x00000000f9700000| Untracked 
| 152|0x00000000f9800000, 0x00000000f98ffff8, 0x00000000f9900000| 99%| O|  |TAMS 0x00000000f9800000, 0x00000000f9800000| Untracked 
| 153|0x00000000f9900000, 0x00000000f99ffff0, 0x00000000f9a00000| 99%| O|  |TAMS 0x00000000f9900000, 0x00000000f9900000| Untracked 
| 154|0x00000000f9a00000, 0x00000000f9affff8, 0x00000000f9b00000| 99%| O|  |TAMS 0x00000000f9a00000, 0x00000000f9a00000| Untracked 
| 155|0x00000000f9b00000, 0x00000000f9bfffe8, 0x00000000f9c00000| 99%| O|  |TAMS 0x00000000f9b00000, 0x00000000f9b00000| Untracked 
| 156|0x00000000f9c00000, 0x00000000f9d00000, 0x00000000f9d00000|100%| O|  |TAMS 0x00000000f9c00000, 0x00000000f9c00000| Untracked 
| 157|0x00000000f9d00000, 0x00000000f9dfffe0, 0x00000000f9e00000| 99%| O|  |TAMS 0x00000000f9d00000, 0x00000000f9d00000| Untracked 
| 158|0x00000000f9e00000, 0x00000000f9f00000, 0x00000000f9f00000|100%| O|  |TAMS 0x00000000f9e00000, 0x00000000f9e00000| Untracked 
| 159|0x00000000f9f00000, 0x00000000f9fffff0, 0x00000000fa000000| 99%| O|  |TAMS 0x00000000f9f00000, 0x00000000f9f00000| Untracked 
| 160|0x00000000fa000000, 0x00000000fa0fffe8, 0x00000000fa100000| 99%| O|  |TAMS 0x00000000fa000000, 0x00000000fa000000| Untracked 
| 161|0x00000000fa100000, 0x00000000fa1ffff0, 0x00000000fa200000| 99%| O|  |TAMS 0x00000000fa100000, 0x00000000fa100000| Untracked 
| 162|0x00000000fa200000, 0x00000000fa2ffff8, 0x00000000fa300000| 99%| O|  |TAMS 0x00000000fa200000, 0x00000000fa200000| Untracked 
| 163|0x00000000fa300000, 0x00000000fa3fff90, 0x00000000fa400000| 99%| O|  |TAMS 0x00000000fa300000, 0x00000000fa300000| Untracked 
| 164|0x00000000fa400000, 0x00000000fa4fffd0, 0x00000000fa500000| 99%| O|  |TAMS 0x00000000fa400000, 0x00000000fa400000| Untracked 
| 165|0x00000000fa500000, 0x00000000fa5fffe0, 0x00000000fa600000| 99%| O|  |TAMS 0x00000000fa500000, 0x00000000fa500000| Untracked 
| 166|0x00000000fa600000, 0x00000000fa700000, 0x00000000fa700000|100%| O|  |TAMS 0x00000000fa600000, 0x00000000fa600000| Untracked 
| 167|0x00000000fa700000, 0x00000000fa7ffff0, 0x00000000fa800000| 99%| O|  |TAMS 0x00000000fa700000, 0x00000000fa700000| Untracked 
| 168|0x00000000fa800000, 0x00000000fa8ffff8, 0x00000000fa900000| 99%| O|  |TAMS 0x00000000fa800000, 0x00000000fa800000| Untracked 
| 169|0x00000000fa900000, 0x00000000fa9fffe0, 0x00000000faa00000| 99%| O|  |TAMS 0x00000000fa900000, 0x00000000fa900000| Untracked 
| 170|0x00000000faa00000, 0x00000000faaffff8, 0x00000000fab00000| 99%| O|  |TAMS 0x00000000faa00000, 0x00000000faa00000| Untracked 
| 171|0x00000000fab00000, 0x00000000fac00000, 0x00000000fac00000|100%| O|  |TAMS 0x00000000fab00000, 0x00000000fab00000| Untracked 
| 172|0x00000000fac00000, 0x00000000facffff0, 0x00000000fad00000| 99%| O|  |TAMS 0x00000000fac00000, 0x00000000fac00000| Untracked 
| 173|0x00000000fad00000, 0x00000000fadffff8, 0x00000000fae00000| 99%| O|  |TAMS 0x00000000fad00000, 0x00000000fad00000| Untracked 
| 174|0x00000000fae00000, 0x00000000faefffe8, 0x00000000faf00000| 99%| O|  |TAMS 0x00000000fae00000, 0x00000000fae00000| Untracked 
| 175|0x00000000faf00000, 0x00000000fafffff8, 0x00000000fb000000| 99%| O|  |TAMS 0x00000000faf00000, 0x00000000faf00000| Untracked 
| 176|0x00000000fb000000, 0x00000000fb0fffe8, 0x00000000fb100000| 99%| O|  |TAMS 0x00000000fb000000, 0x00000000fb000000| Untracked 
| 177|0x00000000fb100000, 0x00000000fb1fffd0, 0x00000000fb200000| 99%| O|  |TAMS 0x00000000fb100000, 0x00000000fb100000| Untracked 
| 178|0x00000000fb200000, 0x00000000fb2ffff8, 0x00000000fb300000| 99%| O|  |TAMS 0x00000000fb200000, 0x00000000fb200000| Untracked 
| 179|0x00000000fb300000, 0x00000000fb400000, 0x00000000fb400000|100%| O|  |TAMS 0x00000000fb300000, 0x00000000fb300000| Untracked 
| 180|0x00000000fb400000, 0x00000000fb4ffff0, 0x00000000fb500000| 99%| O|  |TAMS 0x00000000fb400000, 0x00000000fb400000| Untracked 
| 181|0x00000000fb500000, 0x00000000fb5ffff0, 0x00000000fb600000| 99%| O|  |TAMS 0x00000000fb500000, 0x00000000fb500000| Untracked 
| 182|0x00000000fb600000, 0x00000000fb700000, 0x00000000fb700000|100%| O|  |TAMS 0x00000000fb600000, 0x00000000fb600000| Untracked 
| 183|0x00000000fb700000, 0x00000000fb7ffff8, 0x00000000fb800000| 99%| O|  |TAMS 0x00000000fb700000, 0x00000000fb700000| Untracked 
| 184|0x00000000fb800000, 0x00000000fb8ffff0, 0x00000000fb900000| 99%| O|  |TAMS 0x00000000fb800000, 0x00000000fb800000| Untracked 
| 185|0x00000000fb900000, 0x00000000fba00000, 0x00000000fba00000|100%| O|  |TAMS 0x00000000fb900000, 0x00000000fb900000| Untracked 
| 186|0x00000000fba00000, 0x00000000fbb00000, 0x00000000fbb00000|100%| O|  |TAMS 0x00000000fba00000, 0x00000000fba00000| Untracked 
| 187|0x00000000fbb00000, 0x00000000fbbffff8, 0x00000000fbc00000| 99%| O|  |TAMS 0x00000000fbb00000, 0x00000000fbb00000| Untracked 
| 188|0x00000000fbc00000, 0x00000000fbd00000, 0x00000000fbd00000|100%| O|  |TAMS 0x00000000fbc00000, 0x00000000fbc00000| Untracked 
| 189|0x00000000fbd00000, 0x00000000fbe00000, 0x00000000fbe00000|100%| O|  |TAMS 0x00000000fbd00000, 0x00000000fbd00000| Untracked 
| 190|0x00000000fbe00000, 0x00000000fbefffe0, 0x00000000fbf00000| 99%| O|  |TAMS 0x00000000fbe00000, 0x00000000fbe00000| Untracked 
| 191|0x00000000fbf00000, 0x00000000fc000000, 0x00000000fc000000|100%| O|  |TAMS 0x00000000fbf00000, 0x00000000fbf00000| Untracked 
| 192|0x00000000fc000000, 0x00000000fc0ffff8, 0x00000000fc100000| 99%| O|  |TAMS 0x00000000fc000000, 0x00000000fc000000| Untracked 
| 193|0x00000000fc100000, 0x00000000fc1ffff8, 0x00000000fc200000| 99%| O|  |TAMS 0x00000000fc100000, 0x00000000fc100000| Untracked 
| 194|0x00000000fc200000, 0x00000000fc2ffff8, 0x00000000fc300000| 99%| O|  |TAMS 0x00000000fc200000, 0x00000000fc200000| Untracked 
| 195|0x00000000fc300000, 0x00000000fc3fffe8, 0x00000000fc400000| 99%| O|  |TAMS 0x00000000fc300000, 0x00000000fc300000| Untracked 
| 196|0x00000000fc400000, 0x00000000fc500000, 0x00000000fc500000|100%| O|  |TAMS 0x00000000fc400000, 0x00000000fc400000| Untracked 
| 197|0x00000000fc500000, 0x00000000fc5ffff0, 0x00000000fc600000| 99%| O|  |TAMS 0x00000000fc500000, 0x00000000fc500000| Untracked 
| 198|0x00000000fc600000, 0x00000000fc6fffd8, 0x00000000fc700000| 99%| O|  |TAMS 0x00000000fc600000, 0x00000000fc600000| Untracked 
| 199|0x00000000fc700000, 0x00000000fc7ffff0, 0x00000000fc800000| 99%| O|  |TAMS 0x00000000fc700000, 0x00000000fc700000| Untracked 
| 200|0x00000000fc800000, 0x00000000fc900000, 0x00000000fc900000|100%| O|  |TAMS 0x00000000fc800000, 0x00000000fc800000| Untracked 
| 201|0x00000000fc900000, 0x00000000fca00000, 0x00000000fca00000|100%| O|  |TAMS 0x00000000fc900000, 0x00000000fc900000| Untracked 
| 202|0x00000000fca00000, 0x00000000fcafffe8, 0x00000000fcb00000| 99%| O|  |TAMS 0x00000000fca00000, 0x00000000fca00000| Untracked 
| 203|0x00000000fcb00000, 0x00000000fcbfffe8, 0x00000000fcc00000| 99%| O|  |TAMS 0x00000000fcb00000, 0x00000000fcb00000| Untracked 
| 204|0x00000000fcc00000, 0x00000000fcd00000, 0x00000000fcd00000|100%| O|  |TAMS 0x00000000fcc00000, 0x00000000fcc00000| Untracked 
| 205|0x00000000fcd00000, 0x00000000fcdffff8, 0x00000000fce00000| 99%| O|  |TAMS 0x00000000fcd00000, 0x00000000fcd00000| Untracked 
| 206|0x00000000fce00000, 0x00000000fceffff8, 0x00000000fcf00000| 99%| O|  |TAMS 0x00000000fce00000, 0x00000000fce00000| Untracked 
| 207|0x00000000fcf00000, 0x00000000fd000000, 0x00000000fd000000|100%| O|  |TAMS 0x00000000fcf00000, 0x00000000fcf00000| Untracked 
| 208|0x00000000fd000000, 0x00000000fd0fffe8, 0x00000000fd100000| 99%| O|  |TAMS 0x00000000fd000000, 0x00000000fd000000| Untracked 
| 209|0x00000000fd100000, 0x00000000fd1ffff0, 0x00000000fd200000| 99%| O|  |TAMS 0x00000000fd100000, 0x00000000fd100000| Untracked 
| 210|0x00000000fd200000, 0x00000000fd2ffff8, 0x00000000fd300000| 99%| O|  |TAMS 0x00000000fd200000, 0x00000000fd200000| Untracked 
| 211|0x00000000fd300000, 0x00000000fd3ffff0, 0x00000000fd400000| 99%| O|  |TAMS 0x00000000fd300000, 0x00000000fd300000| Untracked 
| 212|0x00000000fd400000, 0x00000000fd4ffff8, 0x00000000fd500000| 99%| O|  |TAMS 0x00000000fd400000, 0x00000000fd400000| Untracked 
| 213|0x00000000fd500000, 0x00000000fd5ffff8, 0x00000000fd600000| 99%| O|  |TAMS 0x00000000fd500000, 0x00000000fd500000| Untracked 
| 214|0x00000000fd600000, 0x00000000fd700000, 0x00000000fd700000|100%| O|  |TAMS 0x00000000fd600000, 0x00000000fd600000| Untracked 
| 215|0x00000000fd700000, 0x00000000fd800000, 0x00000000fd800000|100%| O|  |TAMS 0x00000000fd700000, 0x00000000fd700000| Untracked 
| 216|0x00000000fd800000, 0x00000000fd900000, 0x00000000fd900000|100%| O|  |TAMS 0x00000000fd800000, 0x00000000fd800000| Untracked 
| 217|0x00000000fd900000, 0x00000000fd9ffff8, 0x00000000fda00000| 99%| O|  |TAMS 0x00000000fd900000, 0x00000000fd900000| Untracked 
| 218|0x00000000fda00000, 0x00000000fdaffff8, 0x00000000fdb00000| 99%| O|  |TAMS 0x00000000fda00000, 0x00000000fda00000| Untracked 
| 219|0x00000000fdb00000, 0x00000000fdbffff0, 0x00000000fdc00000| 99%| O|  |TAMS 0x00000000fdb00000, 0x00000000fdb00000| Untracked 
| 220|0x00000000fdc00000, 0x00000000fdcffff0, 0x00000000fdd00000| 99%| O|  |TAMS 0x00000000fdc00000, 0x00000000fdc00000| Untracked 
| 221|0x00000000fdd00000, 0x00000000fddfffe0, 0x00000000fde00000| 99%| O|  |TAMS 0x00000000fdd00000, 0x00000000fdd00000| Untracked 
| 222|0x00000000fde00000, 0x00000000fdf00000, 0x00000000fdf00000|100%| O|  |TAMS 0x00000000fde00000, 0x00000000fde00000| Untracked 
| 223|0x00000000fdf00000, 0x00000000fdffffe8, 0x00000000fe000000| 99%| O|  |TAMS 0x00000000fdf00000, 0x00000000fdf00000| Untracked 
| 224|0x00000000fe000000, 0x00000000fe100000, 0x00000000fe100000|100%| O|  |TAMS 0x00000000fe000000, 0x00000000fe000000| Untracked 
| 225|0x00000000fe100000, 0x00000000fe200000, 0x00000000fe200000|100%| O|  |TAMS 0x00000000fe100000, 0x00000000fe100000| Untracked 
| 226|0x00000000fe200000, 0x00000000fe300000, 0x00000000fe300000|100%| O|  |TAMS 0x00000000fe200000, 0x00000000fe200000| Untracked 
| 227|0x00000000fe300000, 0x00000000fe400000, 0x00000000fe400000|100%| O|  |TAMS 0x00000000fe300000, 0x00000000fe300000| Untracked 
| 228|0x00000000fe400000, 0x00000000fe4ffff8, 0x00000000fe500000| 99%| O|  |TAMS 0x00000000fe400000, 0x00000000fe400000| Untracked 
| 229|0x00000000fe500000, 0x00000000fe5ffff0, 0x00000000fe600000| 99%| O|  |TAMS 0x00000000fe500000, 0x00000000fe500000| Untracked 
| 230|0x00000000fe600000, 0x00000000fe700000, 0x00000000fe700000|100%| O|  |TAMS 0x00000000fe600000, 0x00000000fe600000| Untracked 
| 231|0x00000000fe700000, 0x00000000fe800000, 0x00000000fe800000|100%| O|  |TAMS 0x00000000fe700000, 0x00000000fe700000| Untracked 
| 232|0x00000000fe800000, 0x00000000fe8ffff8, 0x00000000fe900000| 99%| O|  |TAMS 0x00000000fe800000, 0x00000000fe800000| Untracked 
| 233|0x00000000fe900000, 0x00000000fe9ffff8, 0x00000000fea00000| 99%| O|  |TAMS 0x00000000fe900000, 0x00000000fe900000| Untracked 
| 234|0x00000000fea00000, 0x00000000feb00000, 0x00000000feb00000|100%| O|  |TAMS 0x00000000fea00000, 0x00000000fea00000| Untracked 
| 235|0x00000000feb00000, 0x00000000febffff0, 0x00000000fec00000| 99%| O|  |TAMS 0x00000000feb00000, 0x00000000feb00000| Untracked 
| 236|0x00000000fec00000, 0x00000000fed00000, 0x00000000fed00000|100%| O|  |TAMS 0x00000000fec00000, 0x00000000fec00000| Untracked 
| 237|0x00000000fed00000, 0x00000000fedffff8, 0x00000000fee00000| 99%| O|  |TAMS 0x00000000fed00000, 0x00000000fed00000| Untracked 
| 238|0x00000000fee00000, 0x00000000fef00000, 0x00000000fef00000|100%| O|  |TAMS 0x00000000fee00000, 0x00000000fee00000| Untracked 
| 239|0x00000000fef00000, 0x00000000fefffff0, 0x00000000ff000000| 99%| O|  |TAMS 0x00000000fef00000, 0x00000000fef00000| Untracked 
| 240|0x00000000ff000000, 0x00000000ff0ffff8, 0x00000000ff100000| 99%| O|  |TAMS 0x00000000ff000000, 0x00000000ff000000| Untracked 
| 241|0x00000000ff100000, 0x00000000ff1ffff8, 0x00000000ff200000| 99%| O|  |TAMS 0x00000000ff100000, 0x00000000ff100000| Untracked 
| 242|0x00000000ff200000, 0x00000000ff2fffd0, 0x00000000ff300000| 99%| O|  |TAMS 0x00000000ff200000, 0x00000000ff200000| Untracked 
| 243|0x00000000ff300000, 0x00000000ff400000, 0x00000000ff400000|100%| O|  |TAMS 0x00000000ff300000, 0x00000000ff300000| Untracked 
| 244|0x00000000ff400000, 0x00000000ff4ffff8, 0x00000000ff500000| 99%| O|  |TAMS 0x00000000ff400000, 0x00000000ff400000| Untracked 
| 245|0x00000000ff500000, 0x00000000ff5fffe8, 0x00000000ff600000| 99%| O|  |TAMS 0x00000000ff500000, 0x00000000ff500000| Untracked 
| 246|0x00000000ff600000, 0x00000000ff6ffff8, 0x00000000ff700000| 99%| O|  |TAMS 0x00000000ff600000, 0x00000000ff600000| Untracked 
| 247|0x00000000ff700000, 0x00000000ff7ffff8, 0x00000000ff800000| 99%| O|  |TAMS 0x00000000ff700000, 0x00000000ff700000| Untracked 
| 248|0x00000000ff800000, 0x00000000ff8ffff8, 0x00000000ff900000| 99%| O|  |TAMS 0x00000000ff800000, 0x00000000ff800000| Untracked 
| 249|0x00000000ff900000, 0x00000000ff9ffff8, 0x00000000ffa00000| 99%| O|  |TAMS 0x00000000ff900000, 0x00000000ff900000| Untracked 
| 250|0x00000000ffa00000, 0x00000000ffb00000, 0x00000000ffb00000|100%| O|  |TAMS 0x00000000ffa00000, 0x00000000ffa00000| Untracked 
| 251|0x00000000ffb00000, 0x00000000ffc00000, 0x00000000ffc00000|100%| O|  |TAMS 0x00000000ffb00000, 0x00000000ffb00000| Untracked 
| 252|0x00000000ffc00000, 0x00000000ffcfffd8, 0x00000000ffd00000| 99%| O|  |TAMS 0x00000000ffc00000, 0x00000000ffc00000| Untracked 
| 253|0x00000000ffd00000, 0x00000000ffd1f878, 0x00000000ffe00000| 12%| O|  |TAMS 0x00000000ffd00000, 0x00000000ffd00000| Untracked 
| 254|0x00000000ffe00000, 0x00000000ffefffd8, 0x00000000fff00000| 99%| O|  |TAMS 0x00000000ffe00000, 0x00000000ffe00000| Untracked 
| 255|0x00000000fff00000, 0x00000000fffffff0, 0x0000000100000000| 99%| O|  |TAMS 0x00000000fff00000, 0x00000000fff00000| Untracked 

Card table byte_map: [0x0000023a7fb10000,0x0000023a7fb90000] _byte_map_base: 0x0000023a7f390000

Marking Bits (Prev, Next): (CMBitMap*) 0x0000023a6e7eb380, (CMBitMap*) 0x0000023a6e7eb340
 Prev Bits: [0x0000023a00400000, 0x0000023a00800000)
 Next Bits: [0x0000023a00000000, 0x0000023a00400000)

Polling page: 0x0000023a6e880000

Metaspace:

Usage:
  Non-class:     35.40 MB used.
      Class:      5.07 MB used.
       Both:     40.47 MB used.

Virtual space:
  Non-class space:       40.00 MB reserved,      35.56 MB ( 89%) committed,  5 nodes.
      Class space:        1.00 GB reserved,       5.25 MB ( <1%) committed,  1 nodes.
             Both:        1.04 GB reserved,      40.81 MB (  4%) committed. 

Chunk freelists:
   Non-Class:  3.85 MB
       Class:  2.74 MB
        Both:  6.60 MB

MaxMetaspaceSize: unlimited
CompressedClassSpaceSize: 1.00 GB
Initial GC threshold: 21.00 MB
Current GC threshold: 67.81 MB
CDS: off
MetaspaceReclaimPolicy: balanced
 - commit_granule_bytes: 65536.
 - commit_granule_words: 8192.
 - virtual_space_node_default_size: 1048576.
 - enlarge_chunks_in_place: 1.
 - new_chunks_are_fully_committed: 0.
 - uncommit_free_chunks: 1.
 - use_allocation_guard: 0.
 - handle_deallocations: 1.


Internal statistics:

num_allocs_failed_limit: 3.
num_arena_births: 766.
num_arena_deaths: 340.
num_vsnodes_births: 6.
num_vsnodes_deaths: 0.
num_space_committed: 650.
num_space_uncommitted: 0.
num_chunks_returned_to_freelist: 462.
num_chunks_taken_from_freelist: 2349.
num_chunk_merges: 72.
num_chunk_splits: 1271.
num_chunks_enlarged: 839.
num_purges: 34.
num_inconsistent_stats: 0.

CodeHeap 'non-profiled nmethods': size=120000Kb used=11450Kb max_used=11774Kb free=108550Kb
 bounds [0x0000023a77f40000, 0x0000023a78ac0000, 0x0000023a7f470000]
CodeHeap 'profiled nmethods': size=120000Kb used=20574Kb max_used=22449Kb free=99425Kb
 bounds [0x0000023a70a10000, 0x0000023a72010000, 0x0000023a77f40000]
CodeHeap 'non-nmethods': size=5760Kb used=1485Kb max_used=1602Kb free=4275Kb
 bounds [0x0000023a70470000, 0x0000023a706e0000, 0x0000023a70a10000]
 total_blobs=11509 nmethods=10648 adapters=772
 compilation: enabled
              stopped_count=0, restarted_count=0
 full_count=0

Compilation events (20 events):
Event: 974.935 Thread 0x0000023a09685eb0 nmethod 16236 0x0000023a78146b10 code [0x0000023a78146c80, 0x0000023a78146e38]
Event: 975.983 Thread 0x0000023a02af18a0 nmethod 16234% 0x0000023a7869fa10 code [0x0000023a786a0280, 0x0000023a786a7510]
Event: 976.462 Thread 0x0000023a02af18a0 16245       4       java.nio.MappedByteBuffer::position (6 bytes)
Event: 976.462 Thread 0x0000023a6e87b880 16246       3       java.util.Properties::load0 (249 bytes)
Event: 976.464 Thread 0x0000023a02af18a0 nmethod 16245 0x0000023a7869f690 code [0x0000023a7869f800, 0x0000023a7869f8d8]
Event: 976.464 Thread 0x0000023a02af18a0 16247       4       java.lang.invoke.DirectMethodHandle$Holder::newInvokeSpecial (28 bytes)
Event: 976.464 Thread 0x0000023a6e87b880 nmethod 16246 0x0000023a70f10110 code [0x0000023a70f10360, 0x0000023a70f10ee8]
Event: 976.464 Thread 0x0000023a6e87b880 16248       3       java.lang.AbstractStringBuilder::setLength (66 bytes)
Event: 976.465 Thread 0x0000023a6e87b880 nmethod 16248 0x0000023a70e19690 code [0x0000023a70e19880, 0x0000023a70e19d58]
Event: 976.934 Thread 0x0000023a02af18a0 nmethod 16247 0x0000023a7869ef10 code [0x0000023a7869f0a0, 0x0000023a7869f2c8]
Event: 977.420 Thread 0x0000023a02af18a0 16249 %     4       java.util.Properties::load0 @ 29 (249 bytes)
Event: 979.488 Thread 0x0000023a6e87b880 16250       3       java.util.Collections::synchronizedSet (10 bytes)
Event: 979.489 Thread 0x0000023a02af18a0 nmethod 16249% 0x0000023a78145910 code [0x0000023a78145ae0, 0x0000023a78146550]
Event: 979.489 Thread 0x0000023a6e87b880 nmethod 16250 0x0000023a71326510 code [0x0000023a71326700, 0x0000023a71326dd8]
Event: 979.489 Thread 0x0000023a6e87b880 16251       3       java.util.Collections$SynchronizedSet::<init> (7 bytes)
Event: 979.489 Thread 0x0000023a02af18a0 16253       4       javafx.scene.control.skin.TextFieldSkin$5::computeValue (60 bytes)
Event: 979.490 Thread 0x0000023a6e87b880 nmethod 16251 0x0000023a715cb510 code [0x0000023a715cb700, 0x0000023a715cbd38]
Event: 979.490 Thread 0x0000023a6e87b880 16252       3       java.util.Collections$SynchronizedCollection::<init> (24 bytes)
Event: 979.491 Thread 0x0000023a6e87b880 nmethod 16252 0x0000023a71450d90 code [0x0000023a71450f80, 0x0000023a71451558]
Event: 989.222 Thread 0x0000023a02af18a0 nmethod 16253 0x0000023a78286290 code [0x0000023a78286480, 0x0000023a78286dd8]

GC Heap History (20 events):
Event: 1045.974 GC heap before
{Heap before GC invocations=566 (full 173):
 garbage-first heap   total 262144K, used 261242K [0x00000000f0000000, 0x0000000100000000)
  region size 1024K, 0 young (0K), 0 survivors (0K)
 Metaspace       used 41441K, committed 41792K, reserved 1089536K
  class space    used 5190K, committed 5376K, reserved 1048576K
}
Event: 1046.525 GC heap after
{Heap after GC invocations=567 (full 174):
 garbage-first heap   total 262144K, used 261242K [0x00000000f0000000, 0x0000000100000000)
  region size 1024K, 0 young (0K), 0 survivors (0K)
 Metaspace       used 41441K, committed 41792K, reserved 1089536K
  class space    used 5190K, committed 5376K, reserved 1048576K
}
Event: 1046.529 GC heap before
{Heap before GC invocations=567 (full 174):
 garbage-first heap   total 262144K, used 261242K [0x00000000f0000000, 0x0000000100000000)
  region size 1024K, 0 young (0K), 0 survivors (0K)
 Metaspace       used 41441K, committed 41792K, reserved 1089536K
  class space    used 5190K, committed 5376K, reserved 1048576K
}
Event: 1046.530 GC heap after
{Heap after GC invocations=568 (full 174):
 garbage-first heap   total 262144K, used 261242K [0x00000000f0000000, 0x0000000100000000)
  region size 1024K, 0 young (0K), 0 survivors (0K)
 Metaspace       used 41441K, committed 41792K, reserved 1089536K
  class space    used 5190K, committed 5376K, reserved 1048576K
}
Event: 1046.530 GC heap before
{Heap before GC invocations=568 (full 174):
 garbage-first heap   total 262144K, used 261242K [0x00000000f0000000, 0x0000000100000000)
  region size 1024K, 0 young (0K), 0 survivors (0K)
 Metaspace       used 41441K, committed 41792K, reserved 1089536K
  class space    used 5190K, committed 5376K, reserved 1048576K
}
Event: 1046.981 GC heap after
{Heap after GC invocations=569 (full 175):
 garbage-first heap   total 262144K, used 261242K [0x00000000f0000000, 0x0000000100000000)
  region size 1024K, 0 young (0K), 0 survivors (0K)
 Metaspace       used 41441K, committed 41792K, reserved 1089536K
  class space    used 5190K, committed 5376K, reserved 1048576K
}
Event: 1046.982 GC heap before
{Heap before GC invocations=569 (full 175):
 garbage-first heap   total 262144K, used 261242K [0x00000000f0000000, 0x0000000100000000)
  region size 1024K, 0 young (0K), 0 survivors (0K)
 Metaspace       used 41441K, committed 41792K, reserved 1089536K
  class space    used 5190K, committed 5376K, reserved 1048576K
}
Event: 1047.521 GC heap after
{Heap after GC invocations=570 (full 176):
 garbage-first heap   total 262144K, used 261242K [0x00000000f0000000, 0x0000000100000000)
  region size 1024K, 0 young (0K), 0 survivors (0K)
 Metaspace       used 41441K, committed 41792K, reserved 1089536K
  class space    used 5190K, committed 5376K, reserved 1048576K
}
Event: 1047.522 GC heap before
{Heap before GC invocations=570 (full 176):
 garbage-first heap   total 262144K, used 261242K [0x00000000f0000000, 0x0000000100000000)
  region size 1024K, 0 young (0K), 0 survivors (0K)
 Metaspace       used 41441K, committed 41792K, reserved 1089536K
  class space    used 5190K, committed 5376K, reserved 1048576K
}
Event: 1047.523 GC heap after
{Heap after GC invocations=571 (full 176):
 garbage-first heap   total 262144K, used 261242K [0x00000000f0000000, 0x0000000100000000)
  region size 1024K, 0 young (0K), 0 survivors (0K)
 Metaspace       used 41441K, committed 41792K, reserved 1089536K
  class space    used 5190K, committed 5376K, reserved 1048576K
}
Event: 1047.523 GC heap before
{Heap before GC invocations=571 (full 176):
 garbage-first heap   total 262144K, used 261242K [0x00000000f0000000, 0x0000000100000000)
  region size 1024K, 0 young (0K), 0 survivors (0K)
 Metaspace       used 41441K, committed 41792K, reserved 1089536K
  class space    used 5190K, committed 5376K, reserved 1048576K
}
Event: 1047.991 GC heap after
{Heap after GC invocations=572 (full 177):
 garbage-first heap   total 262144K, used 261242K [0x00000000f0000000, 0x0000000100000000)
  region size 1024K, 0 young (0K), 0 survivors (0K)
 Metaspace       used 41441K, committed 41792K, reserved 1089536K
  class space    used 5190K, committed 5376K, reserved 1048576K
}
Event: 1047.992 GC heap before
{Heap before GC invocations=572 (full 177):
 garbage-first heap   total 262144K, used 261242K [0x00000000f0000000, 0x0000000100000000)
  region size 1024K, 0 young (0K), 0 survivors (0K)
 Metaspace       used 41441K, committed 41792K, reserved 1089536K
  class space    used 5190K, committed 5376K, reserved 1048576K
}
Event: 1048.531 GC heap after
{Heap after GC invocations=573 (full 178):
 garbage-first heap   total 262144K, used 261242K [0x00000000f0000000, 0x0000000100000000)
  region size 1024K, 0 young (0K), 0 survivors (0K)
 Metaspace       used 41441K, committed 41792K, reserved 1089536K
  class space    used 5190K, committed 5376K, reserved 1048576K
}
Event: 1048.532 GC heap before
{Heap before GC invocations=573 (full 178):
 garbage-first heap   total 262144K, used 261242K [0x00000000f0000000, 0x0000000100000000)
  region size 1024K, 0 young (0K), 0 survivors (0K)
 Metaspace       used 41441K, committed 41792K, reserved 1089536K
  class space    used 5190K, committed 5376K, reserved 1048576K
}
Event: 1048.532 GC heap after
{Heap after GC invocations=574 (full 178):
 garbage-first heap   total 262144K, used 261242K [0x00000000f0000000, 0x0000000100000000)
  region size 1024K, 0 young (0K), 0 survivors (0K)
 Metaspace       used 41441K, committed 41792K, reserved 1089536K
  class space    used 5190K, committed 5376K, reserved 1048576K
}
Event: 1048.533 GC heap before
{Heap before GC invocations=574 (full 178):
 garbage-first heap   total 262144K, used 261242K [0x00000000f0000000, 0x0000000100000000)
  region size 1024K, 0 young (0K), 0 survivors (0K)
 Metaspace       used 41441K, committed 41792K, reserved 1089536K
  class space    used 5190K, committed 5376K, reserved 1048576K
}
Event: 1048.974 GC heap after
{Heap after GC invocations=575 (full 179):
 garbage-first heap   total 262144K, used 261242K [0x00000000f0000000, 0x0000000100000000)
  region size 1024K, 0 young (0K), 0 survivors (0K)
 Metaspace       used 41441K, committed 41792K, reserved 1089536K
  class space    used 5190K, committed 5376K, reserved 1048576K
}
Event: 1048.975 GC heap before
{Heap before GC invocations=575 (full 179):
 garbage-first heap   total 262144K, used 261242K [0x00000000f0000000, 0x0000000100000000)
  region size 1024K, 0 young (0K), 0 survivors (0K)
 Metaspace       used 41441K, committed 41792K, reserved 1089536K
  class space    used 5190K, committed 5376K, reserved 1048576K
}
Event: 1049.528 GC heap after
{Heap after GC invocations=576 (full 180):
 garbage-first heap   total 262144K, used 261242K [0x00000000f0000000, 0x0000000100000000)
  region size 1024K, 0 young (0K), 0 survivors (0K)
 Metaspace       used 41441K, committed 41792K, reserved 1089536K
  class space    used 5190K, committed 5376K, reserved 1048576K
}

Deoptimization events (20 events):
Event: 965.757 Thread 0x0000023a02acdc60 DEOPT PACKING pc=0x0000023a781d59fc sp=0x0000009962bfbea0
Event: 965.757 Thread 0x0000023a02acdc60 DEOPT UNPACKING pc=0x0000023a704c23a3 sp=0x0000009962bfbda0 mode 2
Event: 966.226 Thread 0x0000023a02acdc60 Uncommon trap: trap_request=0xffffffde fr.pc=0x0000023a781d59fc relative=0x00000000000001dc
Event: 966.226 Thread 0x0000023a02acdc60 Uncommon trap: reason=class_check action=maybe_recompile pc=0x0000023a781d59fc method=java.lang.reflect.Array.newInstance(Ljava/lang/Class;I)Ljava/lang/Object; @ 2 c2
Event: 966.226 Thread 0x0000023a02acdc60 DEOPT PACKING pc=0x0000023a781d59fc sp=0x0000009962bfbde0
Event: 966.226 Thread 0x0000023a02acdc60 DEOPT UNPACKING pc=0x0000023a704c23a3 sp=0x0000009962bfbce0 mode 2
Event: 966.226 Thread 0x0000023a02acdc60 Uncommon trap: trap_request=0xffffffde fr.pc=0x0000023a781d59fc relative=0x00000000000001dc
Event: 966.226 Thread 0x0000023a02acdc60 Uncommon trap: reason=class_check action=maybe_recompile pc=0x0000023a781d59fc method=java.lang.reflect.Array.newInstance(Ljava/lang/Class;I)Ljava/lang/Object; @ 2 c2
Event: 966.226 Thread 0x0000023a02acdc60 DEOPT PACKING pc=0x0000023a781d59fc sp=0x0000009962bfbde0
Event: 966.226 Thread 0x0000023a02acdc60 DEOPT UNPACKING pc=0x0000023a704c23a3 sp=0x0000009962bfbce0 mode 2
Event: 982.731 Thread 0x0000023a02acdc60 DEOPT PACKING pc=0x0000023a780d875c sp=0x0000009962bfd6c0
Event: 982.731 Thread 0x0000023a02acdc60 DEOPT UNPACKING pc=0x0000023a704c2b43 sp=0x0000009962bfca88 mode 1
Event: 991.315 Thread 0x0000023a02acfe10 DEOPT PACKING pc=0x0000023a788b16a4 sp=0x0000009962fff030
Event: 991.315 Thread 0x0000023a02acfe10 DEOPT UNPACKING pc=0x0000023a704c2b43 sp=0x0000009962ffe300 mode 1
Event: 993.399 Thread 0x0000023a09804180 DEOPT PACKING pc=0x0000023a78585e94 sp=0x00000099632ff510
Event: 993.400 Thread 0x0000023a09804180 DEOPT UNPACKING pc=0x0000023a704c2b43 sp=0x00000099632fe9d0 mode 1
Event: 1001.897 Thread 0x0000023a042abf30 DEOPT PACKING pc=0x0000023a78585e94 sp=0x00000099613ff4e0
Event: 1001.897 Thread 0x0000023a042abf30 DEOPT UNPACKING pc=0x0000023a704c2b43 sp=0x00000099613fe9a0 mode 1
Event: 1025.266 Thread 0x0000023a02acd2c0 DEOPT PACKING pc=0x0000023a782e7090 sp=0x0000009962afeed0
Event: 1025.266 Thread 0x0000023a02acd2c0 DEOPT UNPACKING pc=0x0000023a704c2b43 sp=0x0000009962afe380 mode 1

Classes unloaded (20 events):
Event: 925.215 Thread 0x0000023a6e8795b0 Unloading class 0x0000000100531000 'jdk/internal/reflect/GeneratedConstructorAccessor56'
Event: 935.555 Thread 0x0000023a6e8795b0 Unloading class 0x00000001004a4c00 'jdk/internal/reflect/GeneratedSerializationConstructorAccessor5'
Event: 935.555 Thread 0x0000023a6e8795b0 Unloading class 0x00000001004a4400 'jdk/internal/reflect/GeneratedSerializationConstructorAccessor4'
Event: 935.555 Thread 0x0000023a6e8795b0 Unloading class 0x0000000100531000 'jdk/internal/reflect/GeneratedSerializationConstructorAccessor3'
Event: 935.555 Thread 0x0000023a6e8795b0 Unloading class 0x0000000100348000 'jdk/internal/reflect/GeneratedSerializationConstructorAccessor2'
Event: 935.555 Thread 0x0000023a6e8795b0 Unloading class 0x000000010036c000 'jdk/internal/reflect/GeneratedSerializationConstructorAccessor1'
Event: 935.555 Thread 0x0000023a6e8795b0 Unloading class 0x000000010052b800 'jdk/internal/reflect/GeneratedMethodAccessor136'
Event: 954.074 Thread 0x0000023a6e8795b0 Unloading class 0x0000000100543400 'jdk/internal/reflect/GeneratedMethodAccessor155'
Event: 954.074 Thread 0x0000023a6e8795b0 Unloading class 0x0000000100543000 'jdk/internal/reflect/GeneratedMethodAccessor154'
Event: 954.074 Thread 0x0000023a6e8795b0 Unloading class 0x0000000100542c00 'jdk/internal/reflect/GeneratedMethodAccessor153'
Event: 954.074 Thread 0x0000023a6e8795b0 Unloading class 0x0000000100542400 'jdk/internal/reflect/GeneratedConstructorAccessor62'
Event: 954.074 Thread 0x0000023a6e8795b0 Unloading class 0x000000010036c000 'jdk/internal/reflect/GeneratedMethodAccessor140'
Event: 954.074 Thread 0x0000023a6e8795b0 Unloading class 0x0000000100348000 'jdk/internal/reflect/GeneratedConstructorAccessor61'
Event: 954.074 Thread 0x0000023a6e8795b0 Unloading class 0x0000000100531000 'jdk/internal/reflect/GeneratedConstructorAccessor60'
Event: 954.074 Thread 0x0000023a6e8795b0 Unloading class 0x00000001004a4400 'jdk/internal/reflect/GeneratedConstructorAccessor59'
Event: 954.074 Thread 0x0000023a6e8795b0 Unloading class 0x00000001004a4c00 'jdk/internal/reflect/GeneratedConstructorAccessor58'
Event: 955.607 Thread 0x0000023a6e8795b0 Unloading class 0x0000000100542800 'jdk/internal/reflect/GeneratedConstructorAccessor63'
Event: 965.589 Thread 0x0000023a6e8795b0 Unloading class 0x0000000100348000 'jdk/internal/reflect/GeneratedMethodAccessor158'
Event: 968.206 Thread 0x0000023a6e8795b0 Unloading class 0x0000000100348000 'jdk/internal/reflect/GeneratedConstructorAccessor64'
Event: 975.334 Thread 0x0000023a6e8795b0 Unloading class 0x0000000100348000 'jdk/internal/reflect/GeneratedConstructorAccessor65'

Classes redefined (0 events):
No events

Internal exceptions (20 events):
Event: 1010.652 Thread 0x0000023a042abf30 Exception <a 'java/lang/OutOfMemoryError'{0x00000000f02aa138}> (0x00000000f02aa138) 
thrown [t:\workspace\open\src\hotspot\share\gc\shared\memAllocator.cpp, line 136]
Event: 1012.675 Thread 0x0000023a09804180 Exception <a 'java/lang/OutOfMemoryError'{0x00000000f02aa138}> (0x00000000f02aa138) 
thrown [t:\workspace\open\src\hotspot\share\gc\shared\memAllocator.cpp, line 136]
Event: 1013.793 Thread 0x0000023a02acfe10 Exception <a 'java/lang/OutOfMemoryError'{0x00000000f02aa138}> (0x00000000f02aa138) 
thrown [t:\workspace\open\src\hotspot\share\gc\shared\memAllocator.cpp, line 136]
Event: 1015.893 Thread 0x0000023a09804180 Exception <a 'java/lang/OutOfMemoryError'{0x00000000f02aa138}> (0x00000000f02aa138) 
thrown [t:\workspace\open\src\hotspot\share\gc\shared\memAllocator.cpp, line 136]
Event: 1017.939 Thread 0x0000023a09804180 Exception <a 'java/lang/OutOfMemoryError'{0x00000000f02aa138}> (0x00000000f02aa138) 
thrown [t:\workspace\open\src\hotspot\share\gc\shared\memAllocator.cpp, line 136]
Event: 1019.942 Thread 0x0000023a02acd790 Exception <a 'java/lang/OutOfMemoryError'{0x00000000f02aa138}> (0x00000000f02aa138) 
thrown [t:\workspace\open\src\hotspot\share\gc\shared\memAllocator.cpp, line 136]
Event: 1021.977 Thread 0x0000023a02acdc60 Exception <a 'java/lang/OutOfMemoryError'{0x00000000f02aa138}> (0x00000000f02aa138) 
thrown [t:\workspace\open\src\hotspot\share\gc\shared\memAllocator.cpp, line 136]
Event: 1024.195 Thread 0x0000023a02acd2c0 Exception <a 'java/lang/OutOfMemoryError'{0x00000000f02aa138}> (0x00000000f02aa138) 
thrown [t:\workspace\open\src\hotspot\share\gc\shared\memAllocator.cpp, line 136]
Event: 1026.302 Thread 0x0000023a02acd790 Exception <a 'java/lang/OutOfMemoryError'{0x00000000f02aa138}> (0x00000000f02aa138) 
thrown [t:\workspace\open\src\hotspot\share\gc\shared\memAllocator.cpp, line 136]
Event: 1028.405 Thread 0x0000023a02acd790 Exception <a 'java/lang/OutOfMemoryError'{0x00000000f02aa138}> (0x00000000f02aa138) 
thrown [t:\workspace\open\src\hotspot\share\gc\shared\memAllocator.cpp, line 136]
Event: 1030.399 Thread 0x0000023a02acdc60 Exception <a 'java/lang/OutOfMemoryError'{0x00000000f02aa138}> (0x00000000f02aa138) 
thrown [t:\workspace\open\src\hotspot\share\gc\shared\memAllocator.cpp, line 136]
Event: 1032.538 Thread 0x0000023a02acdc60 Exception <a 'java/lang/OutOfMemoryError'{0x00000000f02aa138}> (0x00000000f02aa138) 
thrown [t:\workspace\open\src\hotspot\share\gc\shared\memAllocator.cpp, line 136]
Event: 1034.711 Thread 0x0000023a02acd2c0 Exception <a 'java/lang/OutOfMemoryError'{0x00000000f02aa138}> (0x00000000f02aa138) 
thrown [t:\workspace\open\src\hotspot\share\gc\shared\memAllocator.cpp, line 136]
Event: 1036.829 Thread 0x0000023a042abf30 Exception <a 'java/lang/OutOfMemoryError'{0x00000000f02aa138}> (0x00000000f02aa138) 
thrown [t:\workspace\open\src\hotspot\share\gc\shared\memAllocator.cpp, line 136]
Event: 1038.968 Thread 0x0000023a02acdc60 Exception <a 'java/lang/OutOfMemoryError'{0x00000000f02aa138}> (0x00000000f02aa138) 
thrown [t:\workspace\open\src\hotspot\share\gc\shared\memAllocator.cpp, line 136]
Event: 1041.077 Thread 0x0000023a02acdc60 Exception <a 'java/lang/OutOfMemoryError'{0x00000000f02aa138}> (0x00000000f02aa138) 
thrown [t:\workspace\open\src\hotspot\share\gc\shared\memAllocator.cpp, line 136]
Event: 1043.259 Thread 0x0000023a02acdc60 Exception <a 'java/lang/OutOfMemoryError'{0x00000000f02aa138}> (0x00000000f02aa138) 
thrown [t:\workspace\open\src\hotspot\share\gc\shared\memAllocator.cpp, line 136]
Event: 1045.459 Thread 0x0000023a02acdc60 Exception <a 'java/lang/OutOfMemoryError'{0x00000000f02aa138}> (0x00000000f02aa138) 
thrown [t:\workspace\open\src\hotspot\share\gc\shared\memAllocator.cpp, line 136]
Event: 1047.522 Thread 0x0000023a02acdc60 Exception <a 'java/lang/OutOfMemoryError'{0x00000000f02aa138}> (0x00000000f02aa138) 
thrown [t:\workspace\open\src\hotspot\share\gc\shared\memAllocator.cpp, line 136]
Event: 1049.528 Thread 0x0000023a02acdc60 Exception <a 'java/lang/OutOfMemoryError'{0x00000000f02aa138}> (0x00000000f02aa138) 
thrown [t:\workspace\open\src\hotspot\share\gc\shared\memAllocator.cpp, line 136]

VM Operations (20 events):
Event: 1038.968 Executing VM operation: G1CollectForAllocation
Event: 1040.025 Executing VM operation: G1CollectForAllocation done
Event: 1040.025 Executing VM operation: G1CollectForAllocation
Event: 1041.077 Executing VM operation: G1CollectForAllocation done
Event: 1041.095 Executing VM operation: G1CollectForAllocation
Event: 1042.143 Executing VM operation: G1CollectForAllocation done
Event: 1042.143 Executing VM operation: G1CollectForAllocation
Event: 1043.259 Executing VM operation: G1CollectForAllocation done
Event: 1043.259 Executing VM operation: G1CollectForAllocation
Event: 1044.436 Executing VM operation: G1CollectForAllocation done
Event: 1044.436 Executing VM operation: G1CollectForAllocation
Event: 1045.459 Executing VM operation: G1CollectForAllocation done
Event: 1045.530 Executing VM operation: G1CollectForAllocation
Event: 1046.528 Executing VM operation: G1CollectForAllocation done
Event: 1046.529 Executing VM operation: G1CollectForAllocation
Event: 1047.522 Executing VM operation: G1CollectForAllocation done
Event: 1047.522 Executing VM operation: G1CollectForAllocation
Event: 1048.532 Executing VM operation: G1CollectForAllocation done
Event: 1048.532 Executing VM operation: G1CollectForAllocation
Event: 1049.528 Executing VM operation: G1CollectForAllocation done

Events (20 events):
Event: 954.553 Thread 0x0000023a6e87e930 flushing nmethod 0x0000023a71df8b90
Event: 954.553 Thread 0x0000023a6e87e930 flushing nmethod 0x0000023a71e07990
Event: 954.553 Thread 0x0000023a6e87e930 flushing nmethod 0x0000023a71e7a510
Event: 954.554 Thread 0x0000023a6e87e930 flushing nmethod 0x0000023a71f2bf90
Event: 954.554 Thread 0x0000023a6e87e930 flushing nmethod 0x0000023a71fb3a90
Event: 954.554 Thread 0x0000023a6e87e930 flushing nmethod 0x0000023a71fbc790
Event: 954.554 Thread 0x0000023a6e87e930 flushing nmethod 0x0000023a71fbcd90
Event: 954.554 Thread 0x0000023a6e87e930 flushing nmethod 0x0000023a71fc2110
Event: 954.554 Thread 0x0000023a6e87e930 flushing nmethod 0x0000023a71fc3b10
Event: 954.554 Thread 0x0000023a6e87e930 flushing nmethod 0x0000023a71fcb810
Event: 954.554 Thread 0x0000023a6e87e930 flushing nmethod 0x0000023a71fd0510
Event: 966.874 Thread 0x0000023a09684050 Thread added: 0x0000023a09684050
Event: 967.881 Thread 0x0000023a09684050 Thread exited: 0x0000023a09684050
Event: 974.454 Thread 0x0000023a09685eb0 Thread added: 0x0000023a09685eb0
Event: 976.462 Thread 0x0000023a09685eb0 Thread exited: 0x0000023a09685eb0
Event: 1003.909 Thread 0x0000023a02acead0 Thread exited: 0x0000023a02acead0
Event: 1017.939 Thread 0x0000023a09804180 Thread exited: 0x0000023a09804180
Event: 1028.405 Thread 0x0000023a02acd790 Thread exited: 0x0000023a02acd790
Event: 1034.711 Thread 0x0000023a02acd2c0 Thread exited: 0x0000023a02acd2c0
Event: 1037.877 Thread 0x0000023a042abf30 Thread exited: 0x0000023a042abf30


Dynamic libraries:
0x00007ff777780000 - 0x00007ff77782f000 	C:\Users\Felipe\AppData\Local\SceneBuilder\SceneBuilder.exe
0x00007ffd07210000 - 0x00007ffd07405000 	C:\WINDOWS\SYSTEM32\ntdll.dll
0x00007ffcda110000 - 0x00007ffcda126000 	C:\Program Files\Avast Software\Avast\aswhook.dll
0x00007ffd06910000 - 0x00007ffd069ce000 	C:\WINDOWS\System32\KERNEL32.DLL
0x00007ffd04f80000 - 0x00007ffd05248000 	C:\WINDOWS\System32\KERNELBASE.dll
0x00007ffd02230000 - 0x00007ffd022c0000 	C:\WINDOWS\SYSTEM32\apphelp.dll
0x00007ffd069e0000 - 0x00007ffd06b81000 	C:\WINDOWS\System32\USER32.dll
0x00007ffd04920000 - 0x00007ffd04942000 	C:\WINDOWS\System32\win32u.dll
0x00007ffd064a0000 - 0x00007ffd064cb000 	C:\WINDOWS\System32\GDI32.dll
0x00007ffd04e40000 - 0x00007ffd04f4d000 	C:\WINDOWS\System32\gdi32full.dll
0x00007ffd04a50000 - 0x00007ffd04aed000 	C:\WINDOWS\System32\msvcp_win.dll
0x00007ffd04950000 - 0x00007ffd04a50000 	C:\WINDOWS\System32\ucrtbase.dll
0x00007ffd05580000 - 0x00007ffd05cc4000 	C:\WINDOWS\System32\SHELL32.dll
0x00007ffd054f0000 - 0x00007ffd05520000 	C:\WINDOWS\System32\IMM32.DLL
0x00007ffd05430000 - 0x00007ffd054dd000 	C:\WINDOWS\System32\shcore.dll
0x00007ffd067a0000 - 0x00007ffd0683e000 	C:\WINDOWS\System32\msvcrt.dll
0x00007ffd05fb0000 - 0x00007ffd06305000 	C:\WINDOWS\System32\combase.dll
0x00007ffd05250000 - 0x00007ffd0537a000 	C:\WINDOWS\System32\RPCRT4.dll
0x00007ffcdf7b0000 - 0x00007ffcdf7c8000 	C:\Users\Felipe\AppData\Local\SceneBuilder\runtime\bin\jli.dll
0x00007ffccafc0000 - 0x00007ffccb070000 	C:\WINDOWS\WinSxS\amd64_microsoft.windows.common-controls_6595b64144ccf1df_5.82.19041.1110_none_792d1c772443f647\COMCTL32.dll
0x00007ffd06840000 - 0x00007ffd068ec000 	C:\WINDOWS\System32\ADVAPI32.dll
0x00007ffd06310000 - 0x00007ffd063ab000 	C:\WINDOWS\System32\sechost.dll
0x00007ffcdf4a0000 - 0x00007ffcdf4ba000 	C:\Users\Felipe\AppData\Local\SceneBuilder\runtime\bin\VCRUNTIME140.dll
0x00007ffd020e0000 - 0x00007ffd020ec000 	C:\Users\Felipe\AppData\Local\SceneBuilder\runtime\bin\vcruntime140_1.dll
0x00007ffccd210000 - 0x00007ffccd29d000 	C:\Users\Felipe\AppData\Local\SceneBuilder\runtime\bin\msvcp140.dll
0x00007ffc969c0000 - 0x00007ffc9757e000 	C:\Users\Felipe\AppData\Local\SceneBuilder\runtime\bin\server\jvm.dll
0x00007ffd069d0000 - 0x00007ffd069d8000 	C:\WINDOWS\System32\PSAPI.DLL
0x00007ffceed20000 - 0x00007ffceed29000 	C:\WINDOWS\SYSTEM32\WSOCK32.dll
0x00007ffce70a0000 - 0x00007ffce70c7000 	C:\WINDOWS\SYSTEM32\WINMM.dll
0x00007ffd05ed0000 - 0x00007ffd05f3b000 	C:\WINDOWS\System32\WS2_32.dll
0x00007ffcfd340000 - 0x00007ffcfd34a000 	C:\WINDOWS\SYSTEM32\VERSION.dll
0x00007ffd02810000 - 0x00007ffd02822000 	C:\WINDOWS\SYSTEM32\kernel.appcore.dll
0x00007ffd00370000 - 0x00007ffd0037a000 	C:\Users\Felipe\AppData\Local\SceneBuilder\runtime\bin\jimage.dll
0x00007ffcfc450000 - 0x00007ffcfc634000 	C:\WINDOWS\SYSTEM32\DBGHELP.DLL
0x00007ffcfcee0000 - 0x00007ffcfcf0c000 	C:\WINDOWS\SYSTEM32\dbgcore.DLL
0x00007ffd04af0000 - 0x00007ffd04b72000 	C:\WINDOWS\System32\bcryptPrimitives.dll
0x00007ffcdf440000 - 0x00007ffcdf465000 	C:\Users\Felipe\AppData\Local\SceneBuilder\runtime\bin\java.dll
0x00007ffcdf420000 - 0x00007ffcdf438000 	C:\Users\Felipe\AppData\Local\SceneBuilder\runtime\bin\zip.dll
0x00007ffd02a10000 - 0x00007ffd031a4000 	C:\WINDOWS\SYSTEM32\windows.storage.dll
0x00007ffd042a0000 - 0x00007ffd042ce000 	C:\WINDOWS\SYSTEM32\Wldp.dll
0x00007ffd063b0000 - 0x00007ffd06405000 	C:\WINDOWS\System32\shlwapi.dll
0x00007ffd04860000 - 0x00007ffd0487f000 	C:\WINDOWS\SYSTEM32\profapi.dll
0x00007ffcdf3e0000 - 0x00007ffcdf3f9000 	C:\Users\Felipe\AppData\Local\SceneBuilder\runtime\bin\net.dll
0x00007ffcf45b0000 - 0x00007ffcf46bc000 	C:\WINDOWS\SYSTEM32\WINHTTP.dll
0x00007ffd04000000 - 0x00007ffd0406a000 	C:\WINDOWS\system32\mswsock.dll
0x00007ffcdf1e0000 - 0x00007ffcdf1f5000 	C:\Users\Felipe\AppData\Local\SceneBuilder\runtime\bin\nio.dll
0x0000023a02b30000 - 0x0000023a02b33000 	C:\Users\Felipe\AppData\Local\SceneBuilder\runtime\bin\api-ms-win-core-console-l1-1-0.dll
0x0000023a02b40000 - 0x0000023a02b43000 	C:\Users\Felipe\AppData\Local\SceneBuilder\runtime\bin\api-ms-win-core-console-l1-2-0.dll
0x0000023a02b50000 - 0x0000023a02b53000 	C:\Users\Felipe\AppData\Local\SceneBuilder\runtime\bin\api-ms-win-core-datetime-l1-1-0.dll
0x0000023a02b60000 - 0x0000023a02b63000 	C:\Users\Felipe\AppData\Local\SceneBuilder\runtime\bin\api-ms-win-core-debug-l1-1-0.dll
0x0000023a02b70000 - 0x0000023a02b73000 	C:\Users\Felipe\AppData\Local\SceneBuilder\runtime\bin\api-ms-win-core-errorhandling-l1-1-0.dll
0x0000023a02b80000 - 0x0000023a02b84000 	C:\Users\Felipe\AppData\Local\SceneBuilder\runtime\bin\api-ms-win-core-file-l1-1-0.dll
0x0000023a02b90000 - 0x0000023a02b93000 	C:\Users\Felipe\AppData\Local\SceneBuilder\runtime\bin\api-ms-win-core-file-l1-2-0.dll
0x0000023a02ba0000 - 0x0000023a02ba3000 	C:\Users\Felipe\AppData\Local\SceneBuilder\runtime\bin\api-ms-win-core-file-l2-1-0.dll
0x0000023a02bb0000 - 0x0000023a02bb3000 	C:\Users\Felipe\AppData\Local\SceneBuilder\runtime\bin\api-ms-win-core-handle-l1-1-0.dll
0x0000023a02bc0000 - 0x0000023a02bc3000 	C:\Users\Felipe\AppData\Local\SceneBuilder\runtime\bin\api-ms-win-core-heap-l1-1-0.dll
0x0000023a02bd0000 - 0x0000023a02bd3000 	C:\Users\Felipe\AppData\Local\SceneBuilder\runtime\bin\api-ms-win-core-interlocked-l1-1-0.dll
0x0000023a02be0000 - 0x0000023a02be3000 	C:\Users\Felipe\AppData\Local\SceneBuilder\runtime\bin\api-ms-win-core-libraryloader-l1-1-0.dll
0x0000023a02bf0000 - 0x0000023a02bf3000 	C:\Users\Felipe\AppData\Local\SceneBuilder\runtime\bin\api-ms-win-core-localization-l1-2-0.dll
0x0000023a03920000 - 0x0000023a03923000 	C:\Users\Felipe\AppData\Local\SceneBuilder\runtime\bin\api-ms-win-core-memory-l1-1-0.dll
0x0000023a03930000 - 0x0000023a03933000 	C:\Users\Felipe\AppData\Local\SceneBuilder\runtime\bin\api-ms-win-core-namedpipe-l1-1-0.dll
0x0000023a03940000 - 0x0000023a03943000 	C:\Users\Felipe\AppData\Local\SceneBuilder\runtime\bin\api-ms-win-core-processenvironment-l1-1-0.dll
0x0000023a03950000 - 0x0000023a03953000 	C:\Users\Felipe\AppData\Local\SceneBuilder\runtime\bin\api-ms-win-core-processthreads-l1-1-0.dll
0x0000023a03960000 - 0x0000023a03963000 	C:\Users\Felipe\AppData\Local\SceneBuilder\runtime\bin\api-ms-win-core-processthreads-l1-1-1.dll
0x0000023a03970000 - 0x0000023a03973000 	C:\Users\Felipe\AppData\Local\SceneBuilder\runtime\bin\api-ms-win-core-profile-l1-1-0.dll
0x0000023a03980000 - 0x0000023a03983000 	C:\Users\Felipe\AppData\Local\SceneBuilder\runtime\bin\api-ms-win-core-rtlsupport-l1-1-0.dll
0x0000023a03990000 - 0x0000023a03993000 	C:\Users\Felipe\AppData\Local\SceneBuilder\runtime\bin\api-ms-win-core-string-l1-1-0.dll
0x0000023a039a0000 - 0x0000023a039a3000 	C:\Users\Felipe\AppData\Local\SceneBuilder\runtime\bin\api-ms-win-core-synch-l1-1-0.dll
0x0000023a039b0000 - 0x0000023a039b3000 	C:\Users\Felipe\AppData\Local\SceneBuilder\runtime\bin\api-ms-win-core-synch-l1-2-0.dll
0x0000023a039c0000 - 0x0000023a039c3000 	C:\Users\Felipe\AppData\Local\SceneBuilder\runtime\bin\api-ms-win-core-sysinfo-l1-1-0.dll
0x0000023a039d0000 - 0x0000023a039d3000 	C:\Users\Felipe\AppData\Local\SceneBuilder\runtime\bin\api-ms-win-core-timezone-l1-1-0.dll
0x0000023a039e0000 - 0x0000023a039e3000 	C:\Users\Felipe\AppData\Local\SceneBuilder\runtime\bin\api-ms-win-core-util-l1-1-0.dll
0x0000023a039f0000 - 0x0000023a039f3000 	C:\Users\Felipe\AppData\Local\SceneBuilder\runtime\bin\api-ms-win-crt-conio-l1-1-0.dll
0x0000023a03a00000 - 0x0000023a03a04000 	C:\Users\Felipe\AppData\Local\SceneBuilder\runtime\bin\api-ms-win-crt-convert-l1-1-0.dll
0x0000023a03a10000 - 0x0000023a03a13000 	C:\Users\Felipe\AppData\Local\SceneBuilder\runtime\bin\api-ms-win-crt-environment-l1-1-0.dll
0x0000023a03a20000 - 0x0000023a03a23000 	C:\Users\Felipe\AppData\Local\SceneBuilder\runtime\bin\api-ms-win-crt-filesystem-l1-1-0.dll
0x0000023a03a30000 - 0x0000023a03a33000 	C:\Users\Felipe\AppData\Local\SceneBuilder\runtime\bin\api-ms-win-crt-heap-l1-1-0.dll
0x0000023a03a40000 - 0x0000023a03a43000 	C:\Users\Felipe\AppData\Local\SceneBuilder\runtime\bin\api-ms-win-crt-locale-l1-1-0.dll
0x0000023a03a50000 - 0x0000023a03a55000 	C:\Users\Felipe\AppData\Local\SceneBuilder\runtime\bin\api-ms-win-crt-math-l1-1-0.dll
0x0000023a03a60000 - 0x0000023a03a65000 	C:\Users\Felipe\AppData\Local\SceneBuilder\runtime\bin\api-ms-win-crt-multibyte-l1-1-0.dll
0x0000023a03a70000 - 0x0000023a03a80000 	C:\Users\Felipe\AppData\Local\SceneBuilder\runtime\bin\api-ms-win-crt-private-l1-1-0.dll
0x0000023a03a80000 - 0x0000023a03a83000 	C:\Users\Felipe\AppData\Local\SceneBuilder\runtime\bin\api-ms-win-crt-process-l1-1-0.dll
0x0000023a03a90000 - 0x0000023a03a94000 	C:\Users\Felipe\AppData\Local\SceneBuilder\runtime\bin\api-ms-win-crt-runtime-l1-1-0.dll
0x0000023a03aa0000 - 0x0000023a03aa4000 	C:\Users\Felipe\AppData\Local\SceneBuilder\runtime\bin\api-ms-win-crt-stdio-l1-1-0.dll
0x0000023a03ab0000 - 0x0000023a03ab4000 	C:\Users\Felipe\AppData\Local\SceneBuilder\runtime\bin\api-ms-win-crt-string-l1-1-0.dll
0x0000023a03ac0000 - 0x0000023a03ac3000 	C:\Users\Felipe\AppData\Local\SceneBuilder\runtime\bin\api-ms-win-crt-time-l1-1-0.dll
0x0000023a03ad0000 - 0x0000023a03ad3000 	C:\Users\Felipe\AppData\Local\SceneBuilder\runtime\bin\api-ms-win-crt-utility-l1-1-0.dll
0x00007ffcbdc40000 - 0x00007ffcbdd3a000 	C:\Users\Felipe\AppData\Local\SceneBuilder\runtime\bin\ucrtbase.dll
0x00007ffcdf1b0000 - 0x00007ffcdf1da000 	C:\Users\Felipe\AppData\Local\SceneBuilder\runtime\bin\prism_d3d.dll
0x00007ffcd2420000 - 0x00007ffcd25f0000 	C:\WINDOWS\system32\d3d9.dll
0x00007ffd02520000 - 0x00007ffd0254f000 	C:\WINDOWS\SYSTEM32\dwmapi.dll
0x00007ffd02330000 - 0x00007ffd023ce000 	C:\WINDOWS\system32\uxtheme.dll
0x00007ffcbd7a0000 - 0x00007ffcbd98b000 	C:\WINDOWS\System32\DriverStore\FileRepository\igdlh64.inf_amd64_6d34ac0763025a06\igdumdim64.dll
0x00007ffc86ee0000 - 0x00007ffc8a45d000 	C:\WINDOWS\System32\DriverStore\FileRepository\igdlh64.inf_amd64_6d34ac0763025a06\igd9dxva64.dll
0x00007ffd05cd0000 - 0x00007ffd05dfa000 	C:\WINDOWS\System32\ole32.dll
0x00007ffd05e00000 - 0x00007ffd05ecd000 	C:\WINDOWS\System32\OLEAUT32.dll
0x00007ffcda880000 - 0x00007ffcda8c2000 	C:\Users\Felipe\AppData\Local\SceneBuilder\runtime\bin\glass.dll
0x00007ffd070f0000 - 0x00007ffd071ca000 	C:\WINDOWS\System32\COMDLG32.dll
0x00007ffd06680000 - 0x00007ffd06795000 	C:\WINDOWS\System32\MSCTF.dll
0x00007ffcdf520000 - 0x00007ffcdf544000 	C:\WINDOWS\System32\DriverStore\FileRepository\igdlh64.inf_amd64_6d34ac0763025a06\igdinfo64.dll
0x00007ffcf70e0000 - 0x00007ffcf8fe1000 	C:\WINDOWS\System32\DriverStore\FileRepository\igdlh64.inf_amd64_6d34ac0763025a06\igc64.dll
0x00007ffcfac40000 - 0x00007ffcfac7b000 	C:\WINDOWS\SYSTEM32\dxcore.dll
0x00007ffd04d90000 - 0x00007ffd04dde000 	C:\WINDOWS\System32\cfgmgr32.dll
0x00007ffcff5f0000 - 0x00007ffcff5f9000 	C:\Users\Felipe\AppData\Local\SceneBuilder\runtime\bin\prefs.dll
0x00007ffd03d30000 - 0x00007ffd03dfb000 	C:\WINDOWS\SYSTEM32\DNSAPI.dll
0x00007ffd03cf0000 - 0x00007ffd03d2b000 	C:\WINDOWS\SYSTEM32\IPHLPAPI.DLL
0x00007ffd054e0000 - 0x00007ffd054e8000 	C:\WINDOWS\System32\NSI.dll
0x00007ffcf0460000 - 0x00007ffcf046a000 	C:\Windows\System32\rasadhlp.dll
0x00007ffcda670000 - 0x00007ffcda684000 	C:\Users\Felipe\AppData\Local\SceneBuilder\runtime\bin\javafx_font.dll
0x00007ffcf0f60000 - 0x00007ffcf0fdf000 	C:\WINDOWS\System32\fwpuclnt.dll
0x00007ffd04f50000 - 0x00007ffd04f77000 	C:\WINDOWS\System32\bcrypt.dll
0x00007ffcf4ec0000 - 0x00007ffcf5143000 	C:\WINDOWS\SYSTEM32\dwrite.dll
0x00007ffd05380000 - 0x00007ffd05429000 	C:\WINDOWS\System32\clbcatq.dll
0x00007ffcf1d90000 - 0x00007ffcf202a000 	C:\WINDOWS\WinSxS\amd64_microsoft.windows.common-controls_6595b64144ccf1df_6.0.19041.1110_none_60b5254171f9507e\comctl32.dll
0x00007ffcfe0b0000 - 0x00007ffcfe264000 	C:\WINDOWS\SYSTEM32\WindowsCodecs.dll
0x00007ffcee2c0000 - 0x00007ffcee2fe000 	C:\WINDOWS\system32\dataexchange.dll
0x00007ffd01560000 - 0x00007ffd01745000 	C:\WINDOWS\system32\dcomp.dll
0x00007ffd00a90000 - 0x00007ffd00cf4000 	C:\WINDOWS\system32\d3d11.dll
0x00007ffd03210000 - 0x00007ffd03304000 	C:\WINDOWS\system32\dxgi.dll
0x00007ffcfe440000 - 0x00007ffcfe641000 	C:\WINDOWS\system32\twinapi.appcore.dll
0x00007ffcd9850000 - 0x00007ffcd9884000 	C:\Program Files\Common Files\Microsoft Shared\Ink\rtscom.dll
0x00007ffcfdb20000 - 0x00007ffcfdc19000 	C:\WINDOWS\SYSTEM32\textinputframework.dll
0x00007ffd01e70000 - 0x00007ffd01f62000 	C:\WINDOWS\System32\CoreMessaging.dll
0x00007ffd01b10000 - 0x00007ffd01e6e000 	C:\WINDOWS\System32\CoreUIComponents.dll
0x00007ffd01400000 - 0x00007ffd01554000 	C:\WINDOWS\SYSTEM32\wintypes.dll
0x00007ffd03610000 - 0x00007ffd03643000 	C:\WINDOWS\SYSTEM32\ntmarta.dll
0x00007ffcf4e70000 - 0x00007ffcf4e94000 	C:\WINDOWS\SYSTEM32\edputil.dll
0x00007ffd004b0000 - 0x00007ffd005a6000 	C:\WINDOWS\system32\propsys.dll

dbghelp: loaded successfully - version: 4.0.5 - missing functions: none
symbol engine: initialized successfully - sym options: 0x614 - pdb path: .;C:\Users\Felipe\AppData\Local\SceneBuilder;C:\WINDOWS\SYSTEM32;C:\Program Files\Avast Software\Avast;C:\Users\Felipe\AppData\Local\SceneBuilder\runtime\bin;C:\WINDOWS\WinSxS\amd64_microsoft.windows.common-controls_6595b64144ccf1df_5.82.19041.1110_none_792d1c772443f647;C:\Users\Felipe\AppData\Local\SceneBuilder\runtime\bin\server;C:\WINDOWS\System32\DriverStore\FileRepository\igdlh64.inf_amd64_6d34ac0763025a06;C:\WINDOWS\WinSxS\amd64_microsoft.windows.common-controls_6595b64144ccf1df_6.0.19041.1110_none_60b5254171f9507e;C:\Program Files\Common Files\Microsoft Shared\Ink;C:\Program Files\Microsoft OneDrive\21.230.1107.0004;C:\WINDOWS\WinSxS\amd64_microsoft.windows.gdiplus_6595b64144ccf1df_1.1.19041.1348_none_91a2627ccc89e3fb

VM Arguments:
jvm_args: -Djpackage.app-version=17.0.0 --add-opens=javafx.fxml/javafx.fxml=ALL-UNNAMED -Djava.library.path=runtime\bin;runtime\lib -Djpackage.app-path=C:\Users\Felipe\AppData\Local\SceneBuilder\SceneBuilder.exe -Xmx256M 
java_command: com.oracle.javafx.scenebuilder.app.SceneBuilderApp C:\Users\Felipe\Desktop\sistemaCondominio-POO\sistema_condominio_poo\src\main\resources\JavaFX\Pessoas\adicionarVisitante.FXML
java_class_path (initial): C:\Users\Felipe\AppData\Local\SceneBuilder\app\scenebuilder-17.0.0-all.jar
Launcher Type: SUN_STANDARD

[Global flags]
     intx CICompilerCount                          = 3                                         {product} {ergonomic}
     uint ConcGCThreads                            = 1                                         {product} {ergonomic}
     uint G1ConcRefinementThreads                  = 4                                         {product} {ergonomic}
   size_t G1HeapRegionSize                         = 1048576                                   {product} {ergonomic}
    uintx GCDrainStackTargetSize                   = 64                                        {product} {ergonomic}
   size_t InitialHeapSize                          = 67108864                                  {product} {ergonomic}
   size_t MarkStackSize                            = 4194304                                   {product} {ergonomic}
   size_t MaxHeapSize                              = 268435456                                 {product} {command line}
   size_t MaxNewSize                               = 160432128                                 {product} {ergonomic}
   size_t MinHeapDeltaBytes                        = 1048576                                   {product} {ergonomic}
   size_t MinHeapSize                              = 8388608                                   {product} {ergonomic}
    uintx NonNMethodCodeHeapSize                   = 5832780                                {pd product} {ergonomic}
    uintx NonProfiledCodeHeapSize                  = 122912730                              {pd product} {ergonomic}
    uintx ProfiledCodeHeapSize                     = 122912730                              {pd product} {ergonomic}
    uintx ReservedCodeCacheSize                    = 251658240                              {pd product} {ergonomic}
     bool SegmentedCodeCache                       = true                                      {product} {ergonomic}
   size_t SoftMaxHeapSize                          = 268435456                              {manageable} {ergonomic}
     bool UseCompressedClassPointers               = true                           {product lp64_product} {ergonomic}
     bool UseCompressedOops                        = true                           {product lp64_product} {ergonomic}
     bool UseG1GC                                  = true                                      {product} {ergonomic}
     bool UseLargePagesIndividualAllocation        = false                                  {pd product} {ergonomic}

Logging:
Log output configuration:
 #0: stdout all=warning uptime,level,tags
 #1: stderr all=off uptime,level,tags

Environment Variables:
_JAVA_OPTIONS=-Xmx256M
PATH=C:\Program Files\Common Files\Oracle\Java\javapath;C:\Program Files (x86)\Common Files\Oracle\Java\javapath;C:\Program Files (x86)\NVIDIA Corporation\PhysX\Common;C:\WINDOWS\system32;C:\WINDOWS;C:\WINDOWS\System32\Wbem;C:\WINDOWS\System32\WindowsPowerShell\v1.0\;C:\WINDOWS\System32\OpenSSH\;C:\Program Files\nodejs\;C:\Program Files\Git\cmd;C:\Program Files\dotnet\;C:\Users\Felipe\AppData\Local\Microsoft\WindowsApps;C:\Users\Felipe\AppData\Roaming\npm;C:\Program Files\MySQL\MySQL Server 8.0\bin;C:\Program Files\MongoDB\Server\4.4\bin;C:\Users\Felipe\AppData\Local\GitHubDesktop\bin
USERNAME=Felipe
OS=Windows_NT
PROCESSOR_IDENTIFIER=Intel64 Family 6 Model 78 Stepping 3, GenuineIntel



---------------  S Y S T E M  ---------------

OS:
 Windows 10 , 64 bit Build 19041 (10.0.19041.1348)
OS uptime: 5 days 6:02 hours

CPU: total 4 (initial active 4) (2 cores per cpu, 2 threads per core) family 6 model 78 stepping 3 microcode 0xcc, cx8, cmov, fxsr, ht, mmx, 3dnowpref, sse, sse2, sse3, ssse3, sse4.1, sse4.2, popcnt, lzcnt, tsc, tscinvbit, avx, avx2, aes, erms, clmul, bmi1, bmi2, adx, fma, vzeroupper, clflush, clflushopt

Memory: 4k page, system-wide physical 3970M (329M free)
TotalPageFile size 15520M (AvailPageFile size 2938M)
current process WorkingSet (physical memory assigned to process): 429M, peak: 451M
current process commit charge ("private bytes"): 564M, peak: 579M

vm_info: OpenJDK 64-Bit Server VM (17+35-2724) for windows-amd64 JRE (17+35-2724), built on Aug  5 2021 23:26:02 by "mach5one" with MS VC++ 16.8 (VS2019)

END.
